GET /api/database/TableList 200 1536 - 40.156 ms
GET /api/database/ColumnList?table=apply 200 1248 - 41.817 ms
GET /api/database/List?table=apply 200 1376 - 51.985 ms
GET /api/database/AnalysisCount 200 224 - 16.370 ms
GET /api/database/AnalysisRepair 200 992 - 22.639 ms
GET /api/database/TableList 200 1536 - 6.976 ms
GET /api/database/ColumnList?table=apply 200 1248 - 17.382 ms
GET /api/database/List?table=apply 200 1376 - 6.537 ms
GET /api/database/AnalysisRepair 304 - - 12.090 ms
GET /api/database/AnalysisCount 304 - - 7.066 ms
GET /api/database/ColumnList?table=apply 304 - - 25.783 ms
GET /api/database/TableList 304 - - 27.126 ms
GET /api/database/List?table=apply 304 - - 27.038 ms
GET /api/database/List?table=_coloption 304 - - 12.308 ms
GET /api/database/AnalysisRepair 304 - - 25.336 ms
GET /api/database/AnalysisCount 304 - - 33.877 ms
GET /api/database/List?table=apply 304 - - 22.974 ms
GET /api/database/TableList 304 - - 29.451 ms
GET /api/database/ColumnList?table=apply 304 - - 35.812 ms
GET /api/database/ColumnList?table=cabinet 200 512 - 9.140 ms
GET /api/database/List?table=cabinet 200 2336 - 12.708 ms
GET /api/database/ColumnList?table=malfunction 200 1984 - 20.787 ms
GET /api/database/List?table=malfunction 200 43424 - 45.767 ms
GET /api/database/ColumnList?table=bed 200 512 - 20.893 ms
GET /api/database/List?table=bed 200 10208 - 84.684 ms
GET /api/database/ColumnList?table=apply 304 - - 78.455 ms
GET /api/database/List?table=apply 304 - - 50.570 ms
GET /api/database/ColumnList?table=bed 304 - - 15.383 ms
GET /api/database/List?table=bed 304 - - 9.806 ms
GET /api/database/AnalysisCount 304 - - 16.573 ms
GET /api/database/AnalysisRepair 304 - - 24.910 ms
GET /api/database/AnalysisRepair 304 - - 7.743 ms
GET /api/database/AnalysisCount 304 - - 14.466 ms
GET /api/database/AnalysisRepair 304 - - 13.086 ms
GET /api/database/AnalysisCount 304 - - 17.803 ms
GET /api/database/TableList 304 - - 9.500 ms
GET /api/database/ColumnList?table=apply 304 - - 12.558 ms
GET /api/database/List?table=apply 304 - - 17.552 ms
GET /api/database/TableList 304 - - 16.723 ms
GET /api/database/ColumnList?table=apply 304 - - 18.257 ms
GET /api/database/List?table=apply 304 - - 22.745 ms
GET /api/database/TableList 304 - - 17.184 ms
GET /api/database/List?table=apply 304 - - 16.521 ms
GET /api/database/ColumnList?table=apply 304 - - 21.428 ms
GET /api/database/ColumnList?table=apply&timestamp=1557750439 200 1248 - 14.268 ms
GET /api/database/List?table=apply&timestamp=1557750439 200 1376 - 18.509 ms
GET /api/database/List?table=apply&timestamp=1557750442 200 1376 - 12.280 ms
GET /api/database/ColumnList?table=apply&timestamp=1557750442 200 1248 - 17.449 ms
GET /api/database/List - - - - ms
GET /api/database/ColumnList - - - - ms
GET /api/database/List - - - - ms
GET /api/database/ColumnList - - - - ms
GET /api/database/ColumnList?timestamp=1557751062 - - - - ms
GET /api/database/List?timestamp=1557751062 - - - - ms
GET /api/database/ColumnList?timestamp=1557751093 - - - - ms
GET /api/database/List?timestamp=1557751093 - - - - ms
GET /api/database/TableList?timestamp=1557751121 200 1536 - 26.533 ms
GET /api/database/List?table=apply&timestamp=1557751121 200 1376 - 28.765 ms
GET /api/database/ColumnList?table=apply&timestamp=1557751121 200 1248 - 32.764 ms
GET /api/database/TableList?timestamp=1557751122 200 1536 - 18.679 ms
GET /api/database/List?table=apply&timestamp=1557751122 200 1376 - 23.181 ms
GET /api/database/ColumnList?table=apply&timestamp=1557751122 200 1248 - 28.526 ms
GET /api/database/TableList?timestamp=1557751149 200 1536 - 35.298 ms
GET /api/database/ColumnList?table=apply&timestamp=1557751149 200 1248 - 44.169 ms
GET /api/database/List?table=apply&timestamp=1557751149 200 1376 - 54.304 ms
GET /api/database/TableList?timestamp=1557751155 200 1536 - 8.430 ms
GET /api/database/List?table=apply&timestamp=1557751155 200 1376 - 14.263 ms
GET /api/database/ColumnList?table=apply&timestamp=1557751155 200 1248 - 19.986 ms
GET /api/database/TableList?timestamp=1557751606 200 1536 - 29.892 ms
GET /api/database/List?table=apply&timestamp=1557751606 200 1376 - 52.432 ms
GET /api/database/ColumnList?table=apply&timestamp=1557751606 200 1248 - 57.373 ms
GET /api/database/TableList?timestamp=1557751649 200 1536 - 30.869 ms
GET /api/database/ColumnList?table=apply&timestamp=1557751649 200 1248 - 33.663 ms
GET /api/database/List?table=apply&timestamp=1557751649 200 1376 - 43.384 ms
GET /api/database/TableList?timestamp=1557752979 200 1536 - 47.937 ms
GET /api/database/List?table=apply&timestamp=1557752979 200 1376 - 66.019 ms
GET /api/database/ColumnList?table=apply&timestamp=1557752979 200 1248 - 70.705 ms
GET /api/database/TableList?timestamp=1557753001 200 1536 - 71.112 ms
GET /api/database/ColumnList?table=apply&timestamp=1557753001 200 1248 - 68.917 ms
GET /api/database/List?table=apply&timestamp=1557753001 200 1376 - 78.395 ms
GET /api/database/TableList?timestamp=1557753173 200 1536 - 34.055 ms
GET /api/database/List?table=apply&timestamp=1557753173 200 1376 - 39.984 ms
GET /api/database/ColumnList?table=apply&timestamp=1557753173 200 1248 - 45.934 ms
GET /api/database/TableList?timestamp=1557753193 200 1536 - 29.574 ms
GET /api/database/ColumnList?table=apply&timestamp=1557753193 200 1248 - 31.990 ms
GET /api/database/List?table=apply&timestamp=1557753193 200 1376 - 37.012 ms
GET /api/database/TableList?timestamp=1557753213 200 1536 - 24.207 ms
GET /api/database/ColumnList?table=apply&timestamp=1557753213 200 1248 - 29.163 ms
GET /api/database/List?table=apply&timestamp=1557753213 200 1376 - 32.487 ms
GET /api/database/TableList?timestamp=1557753222&nonece=957726734d0c04320c8ed0f919ab2068c7a6ac79ea57ea57a724c0dd4038c3df 200 1536 - 15.660 ms
GET /api/database/ColumnList?table=apply&timestamp=1557753222 200 1248 - 14.764 ms
GET /api/database/List?table=apply&timestamp=1557753222 200 1376 - 31.986 ms
GET /api/database/TableList?timestamp=1557753227&nonece=05504bdb258cebfb2423b683c2c923ccbf3838942c435a584aa0b32aa4ddd40c 200 1536 - 31.235 ms
GET /api/database/ColumnList?table=apply&timestamp=1557753227 200 1248 - 38.374 ms
GET /api/database/List?table=apply&timestamp=1557753227 200 1376 - 41.081 ms
GET /api/database/TableList?timestamp=1557753283&nonece=e60e85be4a81fd32249df09038f3084b921ac4228136fa7a002408a22ac4d74c 200 1536 - 38.413 ms
GET /api/database/ColumnList?table=apply&timestamp=1557753283 200 1248 - 38.039 ms
GET /api/database/List?table=apply&timestamp=1557753283 200 1376 - 43.577 ms
GET /api/database/TableList?timestamp=1557753383&nonece=4324439d20e7a760039f3ccda86a6cc01cdf075565907db0d25b33e48f84e0fd 200 1536 - 18.392 ms
GET /api/database/List?table=apply&timestamp=1557753383 200 1376 - 19.494 ms
GET /api/database/ColumnList?table=apply&timestamp=1557753383 200 1248 - 22.402 ms
GET /api/database/List?table=apply&timestamp=1557753391 200 1376 - 14.316 ms
GET /api/database/TableList?timestamp=1557753391&nonece=f17b2045a5842a1def0958499a7b4611cf2f14108e78c77afc71f784ddc1549e&sign=3697c4666b0f558454f4829ad9b6b704ccc860b5edee49e5323671364e46f72140315a55a00783fa6025f56c3a3a1ce2bfe56db10d1d499c632ecd8f71d687d41264dd7efcea4d244584db2172a41d51e3fd329ebdbb2d2904d07b14a3adae71b1cec5d17eb377ce89092bf7c5b9cce2cc9e8176b52cb3416e4ce80ca45d556ec941a4fc090b2a0c2c82e254d88775e3 200 1536 - 18.841 ms
GET /api/database/ColumnList?table=apply&timestamp=1557753391 200 1248 - 21.954 ms
GET /api/database/List?table=apply&timestamp=1557754042 200 1376 - 31.833 ms
GET /api/database/TableList?timestamp=1557754042&nonce=a3aafb1da25cc7426756d1519a279a546c34c2c904071b11879d1d5802e01b21&sign=3697c4666b0f558454f4829ad9b6b704ccc860b5edee49e5323671364e46f721358f28dfa1a95839998c3267d80b10d9640a2371136a3f98895646f907703ed06e413ec709a33333ac5566937f4820d73bc5e34c153c608000ee25ade308d901ee98085753f1cc3d595f80c4d76bbc79c602d89628233717c8a5b85b5ddc53cd 200 1536 - 43.628 ms
GET /api/database/ColumnList?table=apply&timestamp=1557754042 200 1248 - 43.465 ms
GET /api/database/TableList?timestamp=1557754063&nonce=d8fcb2a77a4f975705d1cf5087dff7f2cc218a95e5ec9bc9739ec5ce69a1b939&sign=3697c4666b0f558454f4829ad9b6b704ccc860b5edee49e5323671364e46f721358f28dfa1a95839998c3267d80b10d9705247c299e94481945a83cb14af0a85e27763f9db7d2d84393b9bb4ef3b23bb975f0dfcfac6cbed9970980d33077ab04f2e870b6789e895132abbc3b316bab97860c819301c9e132a50445df1c2e9bb 200 1536 - 25.719 ms
GET /api/database/List?table=apply&timestamp=1557754063 200 1376 - 29.976 ms
GET /api/database/ColumnList?table=apply&timestamp=1557754063 200 1248 - 33.046 ms
GET /api/database/TableList?timestamp=1557754099&nonce=82b62946a66c4f30a07df0096bf40cfe0d436a57fbe2de320e6b9be0b137964a&sign=3697c4666b0f558454f4829ad9b6b704ccc860b5edee49e5323671364e46f721358f28dfa1a95839998c3267d80b10d9d028b6945cf6f7be11e766038f32e7ffd4caa9856242b68d4a07f27f8637a63023e908083e8e935196ce7181ec854871e888773ff1677d4b10cf2f4a20c7332368b4b7cc513dde09e1cf352962522f50 200 1536 - 17.168 ms
GET /api/database/ColumnList?table=apply&timestamp=1557754099 200 1248 - 13.705 ms
GET /api/database/List?table=apply&timestamp=1557754099 200 1376 - 19.523 ms
GET /api/database/TableList?timestamp=1557754131&nonce=1894d31787f0bdb12b5283f32ff3245151b7ccb6236b263d56a761693937e318&sign=3697c4666b0f558454f4829ad9b6b704ccc860b5edee49e5323671364e46f721358f28dfa1a95839998c3267d80b10d955fa9342ce198ae4b728b309e8b8b4c87337a72a816313b079dab1148b80d9d97950dfda54f27a694646cbf0c460bfc8f1aa3fc5701d6b8ddee689854179a00d229f0b0d385177a747e5da9a40d3f6b9 200 1536 - 21.550 ms
GET /api/database/ColumnList?table=apply&timestamp=1557754131 200 1248 - 31.719 ms
GET /api/database/List?table=apply&timestamp=1557754131 200 1376 - 36.125 ms
GET /api/database/AnalysisRepair?timestamp=1557754139&nonce=df1b66ffe72d1f8aab46e343e3e2aae2020543c4c677cfc9056e246743c1d01c&sign=3697c4666b0f558454f4829ad9b6b7044b0a70764b9787c03d04d1fe4a7dba054da9cefbec8cc9d1412b725ebce8efea673c3937e47072951911ac870bfd4cdfe333b7987a2535744d9dd0b94db712a78c0ec8eca7308743ee47446187a8e43dd4a30f94f43ddf452fc24a1d86a9696d071d5b5f2eb5578143ac5df1a6f1c61b95372e3dacea40b2a6966e6e1dcc1e9f 200 992 - 27.604 ms
GET /api/database/AnalysisCount?timestamp=1557754139&nonce=2907b28ba951e8d388beeaf3f6c38873ca78b43c96bab031ec0813bdfe0abf7d&sign=3697c4666b0f558454f4829ad9b6b7043eae798ec87af998072da64820e0428324dccedc132fb69e900e03618654556619fd278bd4bf9503f8fe34c5ca54d6da2ae548a5e45ac0e8085cac0b4c30156b3bfdf90d7981ec53ba18ff623e30bb67d2bf6fc9a26295c9612d0632df332b2db1dc963d254f14d7c618846ca3567f4ba8d68329cf4f1394df93b38e05e255e0 200 224 - 20.364 ms
GET /api/database/AnalysisCount?timestamp=1557754234&nonce=fd2e5fb98c5c0233aa17bec1e1af9dcf570dea7b4ea5483bc358aa35ab81f4c6&sign=3697c4666b0f558454f4829ad9b6b7043eae798ec87af998072da64820e0428324dccedc132fb69e900e036186545566e83085183f04d46284e5ccf10269ceadf06a12385d8406246bb679ba1c136e3eb98cf2935bdd0c37c228627af352751dcb894f5c83a29f4d74e6c35606b72e21616e115a74dbe9b1c3a85c7c2ed752b5f24dce0c980448a8871477217f5d7827 200 224 - 39.419 ms
GET /api/database/AnalysisRepair?timestamp=1557754234&nonce=65ee55b41be4a81ae317717818be77b081a95bc19f5d7e402293013900e3b204&sign=3697c4666b0f558454f4829ad9b6b7044b0a70764b9787c03d04d1fe4a7dba054da9cefbec8cc9d1412b725ebce8efea8d3a0b64171f0af3f855ebcc1c6da0f9476d62dfbd792aa3c8094a7c3b84910ce8f2c9ebe3023e785da29d9d97d80d0147e11200e8210ad0504409f1de1a922a52cc21333185648233ec34c4254f89271064d3362713ae8b473f4ff1ed9d2ef1 200 992 - 57.956 ms
GET /api/database/AnalysisRepair?timestamp=1557754306&nonce=d780c8ead4e08e5a6f9f243bf7f608bafddd960da05820d1808d1e49ee97531c&sign=3697c4666b0f558454f4829ad9b6b7044b0a70764b9787c03d04d1fe4a7dba054da9cefbec8cc9d1412b725ebce8efeae1798d8f1577e86f7a56f637ce2fd69f42b6da548e54a382e1d302818ccfc2099e79feed5fe277c72537f4309c765437e08b32ebb4bafb08d94359ca33d670c7b4e52ecc7ccbeb4c4cc1386b33c97a74975bb910d0514a8a1563715ceb2129c3 200 992 - 38.505 ms
GET /api/database/AnalysisCount?timestamp=1557754306&nonce=dbd18d45f35d827451237a6e7cc082664ad4b5c00f70a7afdcca3016a6a33a60&sign=3697c4666b0f558454f4829ad9b6b7043eae798ec87af998072da64820e0428324dccedc132fb69e900e03618654556600b87596306fb8a1eb4af5082c1b71b1a1ae992f2838ff4806c52e9662d6d7587e2578e4edcccf5a2e667087fb1ab8ea896804555f1e6957dd8d6ec9ae5d321d00b279639c32bc462f2d081f41599f1e6d98dfc729428c8f3191c864ca9c13c5 200 224 - 44.248 ms
GET /api/database/AnalysisRepair?timestamp=1557754417&nonce=df161247dbff25c7162d7cada1eb2c96&sign=3697c4666b0f558454f4829ad9b6b7044b0a70764b9787c03d04d1fe4a7dba054da9cefbec8cc9d1412b725ebce8efea80df0e2336f58fb4e24eec8b3de56e77eba1b90006ef20d8043ac1f9909af9ac6851f420645e6b47fbde27111d7f2a75e315ea89238abdf0f90da28a7e299e2c 200 992 - 80.105 ms
GET /api/database/AnalysisCount?timestamp=1557754417&nonce=e99ac76da25309a3b458d89f98ff853ce096114e8806e02168ee4dfd90517fe4&sign=3697c4666b0f558454f4829ad9b6b7043eae798ec87af998072da64820e0428324dccedc132fb69e900e03618654556666e0355306551866bf1dd8477eb962a90efc21570fe295a41c2503e931fbdbc947c85df06814116e39ec8a6a8e959fd745e085a90caf10bb8f5be8d0eb3bc8cde885535052405233fa5af0e74acce30d1813da4614e181188741049d00cfd3b3 200 224 - 86.965 ms
GET /api/database/AnalysisRepair?timestamp=1557754462&nonce=8d1369a508b18bcebaa568ba54cc3c26ee3c2ab60ca0f22ef70fbd8b0250ba43&sign=3697c4666b0f558454f4829ad9b6b7044b0a70764b9787c03d04d1fe4a7dba054da9cefbec8cc9d1412b725ebce8efea5d3f7507f11fcfcf76073a675c2d9d6359faf3e52fe2e47575ec082653c50628a0907362078a4f3abbae7e4ce158ba09b95bbb9135099905e3431c322b37d4d5c529a02e4deb779937f9c2de0e931866e96671493da557a763b982e363376735 200 992 - 6.223 ms
GET /api/database/AnalysisCount?timestamp=1557754462&nonce=455332da18a85b8222c4056e4ef2d03a88d8db340159084ff4b466416ad337a6&sign=3697c4666b0f558454f4829ad9b6b7043eae798ec87af998072da64820e0428324dccedc132fb69e900e036186545566c21994ad0dbea77688773e76759e33b1e8b4476ce9e5265e4f81d200fa284c9fa3e11bed30193168a89ef04095a09d507bed426f95e69a286b950275c8eadd5020eaf0d63abcb24460ed27646633ee01a1bac63adc856570e3d59be1755cbcc3 200 224 - 6.768 ms
GET /api/database/AnalysisRepair?timestamp=1557754560&nonce=095050424acf479c11cc0d8a0492213a3bd9b7d102b05fd432aa9a012abec08a&sign=3697c4666b0f558454f4829ad9b6b7044b0a70764b9787c03d04d1fe4a7dba054da9cefbec8cc9d1412b725ebce8efeaf6c9f2b208d3e79aea1daa615d84f4ab96072f4b48e92ed1bbe7ebca0845b040c027b97607c9ca996b0d94ae32b5153454caa87c0f93e62c925067d5959b628fb939d670947adfc7842af54648168df6b0bbf2aef130ae218b1f39c807a17331 200 992 - 22.553 ms
GET /api/database/AnalysisCount?timestamp=1557754560&nonce=cd88f33e0240800c85f207c9ffdc0833ea05245be6fab745fcc96a8f5e821948&sign=3697c4666b0f558454f4829ad9b6b7043eae798ec87af998072da64820e0428324dccedc132fb69e900e03618654556660611bf758d5bbba34a33d3ab2fd387de72ca07f88e258c3ef7192086c994585c8940c64090b5595c58924140f42aa62d71feec2791e372a49da90ed467fcc1287851e04151cf60ca4cd609eeff7b8ea48629197e6d46c29acdc0d6b72e78e86 200 224 - 5.132 ms
GET /api/database/AnalysisRepair?timestamp=1557754562&nonce=7d18e6afa5de806b66b3aa19cf354c7833e38889ee4e5d4ea1c8bbb5a1cfa363&sign=3697c4666b0f558454f4829ad9b6b7044b0a70764b9787c03d04d1fe4a7dba054da9cefbec8cc9d1412b725ebce8efea4385e17f92582f8650f75b9272ed3fe194203ce2f687c7a44e1916ac09ece6c2b4674910217240811d78142ecb4777e6cf979f2be1de52a9f7af67711fa1e032ea64c7360bc5533ccd9a54a937559812d5a9b98407cdd2dcf56dfad4c78abe31 200 992 - 17.668 ms
GET /api/database/AnalysisCount?timestamp=1557754563&nonce=a20dbc81f3da7840c16764b4aba367ad7cd99ffe8332f48fa98b6871c63ae06a&sign=3697c4666b0f558454f4829ad9b6b7043eae798ec87af998072da64820e0428324dccedc132fb69e900e0361865455666937479afa6ae6fe76d7691e974c9f3a706c8d6095546d5331020ba294a8aa7173257b072f134f3daac471224584f7a8c57114c53f5a96d687f56391a62cd4f92aba142e221ac2a01a93271c75f22d2e174678ef2ee5b87356677b37f631faed 200 224 - 13.707 ms
GET /api/database/AnalysisRepair?timestamp=1557754572&nonce=9e0ddb105efe59eb623cb05af93beeb41107831769c75f6f7ec5386cd9621652&sign=3697c4666b0f558454f4829ad9b6b7044b0a70764b9787c03d04d1fe4a7dba054da9cefbec8cc9d1412b725ebce8efeafded5acf3e9370b428c8d72d8ed2146a84f5870ec5e1cf40ae52b301a4fea65ce2a027fe9490ce430b7aacec58d1e3731c3b45dc0133f9639742b287119fcbc6af5dfbff78c1cec44fb2f126a116b22c8b4d7b2a7f1be8c975cfb7cb8d77f76f 200 992 - 8.626 ms
GET /api/database/AnalysisCount?timestamp=1557754572&nonce=871d88da76c954b9fa13279f1f37826b87de51c4a7186008a0411c378a862b11&sign=3697c4666b0f558454f4829ad9b6b7043eae798ec87af998072da64820e0428324dccedc132fb69e900e036186545566181884072f778c08a4884478d69066402aa72a75129fc50a24a8d07b1ea3437fcdd5b178e1421782fe0b4f06c9be4d414e84e59c6076c35f191078f0ae0b59a9e7b7e7b26c0050d497118ff254b41ab72d63adbf41bf5eb1a22d6de9890bbc33 200 224 - 15.348 ms
GET /api/api/database/AnalysisCount?timestamp=1557754640&nonce=b36b8f2c214fe02799c9649716caf7d5134c541ea65bd7ef4676bd3b5fae039c&sign=0b535a189965dd646c9e21adb463267c6cc46c37a2bd959d4de95fa7ceebe3ef5ef5e44837305e5f8b3cb60703c9088024875f5da962a0ee0eac705acb4ec84aea0d788803c7500fbf57417a09755e775972fe2d68863b59dce8c68a4c1d67fd083ea7c00148e38d4be397a5cdb0775ef4d30537913e6fb05865967cff5a67d6f8e5aa1e29f64f09a4314cd90475b928 404 3160 - 107.102 ms
GET /api/database/AnalysisRepair?timestamp=1557754640&nonce=db4acbf7b1b838970789d2874fe0113af8bec8319d1440b12803dbe089875567&sign=3697c4666b0f558454f4829ad9b6b7044b0a70764b9787c03d04d1fe4a7dba054da9cefbec8cc9d1412b725ebce8efeabb41f126bd4b57e0bb27a06b05c7ec99d2841c44872cd5622ce96636612fff2e8650af8943d67ff7f7e006de6fea47d9ce6c1e54125c5a17ce6af225d6c0aeeb46c3f12b9d60a2172d2b38b339f8d918744e794ce78cec34c707a1632bb3b2ea 200 992 - 111.660 ms
GET /api/database/AnalysisRepair?timestamp=1557754652&nonce=d22df813ff75e7743c8710157beb0a6d84f37362d706419f1175a2fc38ea69b8&sign=3697c4666b0f558454f4829ad9b6b7044b0a70764b9787c03d04d1fe4a7dba054da9cefbec8cc9d1412b725ebce8efeab7a2a8b9b71ac1b31cf20f2b4ffac74027ac1c4792f6cd5157f71f291214df65cb314fa7c5f1cf1d6939416972e83b4198f543a6e2032abf7e1d9b7d5de7052e53c182c796d5323446cf0bf8745e811dda7381a762bcbd29cb1ba1ae1e2e2bdc 200 992 - 23.120 ms
GET /api/database/AnalysisCount?timestamp=1557754652&nonce=6cfa94e685c3466f2cefc9f17837bce71ccdc75cd9afe3e479a1122942556901&sign=3697c4666b0f558454f4829ad9b6b7043eae798ec87af998072da64820e0428324dccedc132fb69e900e036186545566139d1236f32f7b27432f3f541963ff47d80febc731dc2ebc325c5843d4eccec141cd6f60659e38b5c49e6658b69a016b4d4a85f53b84669f6a3cd109253c765906ea538a725e4e8f0310e3141ba43a5b8e47e7fb2f354917e277a30a3f7143ff 200 224 - 24.684 ms
GET /api/database/AnalysisRepair?timestamp=1557754742&nonce=92f273706b99e55789fece91195e54760933bd74e4066938364b957a15d9bc72&sign=fd7d478c60152374cc204addce6fe886a76f9a540f840287af73a5dee024d44ff62eb0fa029c2625615990fccca8fc99a4d5365881857a090325166da63c2c10d04c0ae0c7060937d5a6af398493b471f4a32bbbf5dfe3fd98e6fa480d60e36ee97d777fbe2e309d820fccdf32ed9e3d09ec639b57fafe81d0aad8074393dbb2f6e03e9cab5f20ee38ffc616eac393e0 200 992 - 25.106 ms
GET /api/database/AnalysisCount?timestamp=1557754742&nonce=25810fdcf9393f38d340e5a1d1819f0d69c860c20bc38c9675ddbf2d057fd871&sign=fd7d478c60152374cc204addce6fe88606981aaf6e6358c6b801caa4f0063a5ece683720e36353d57e060545804a12f73fb72eced2596e253f665f3bc1c7538ade2372a524ce6f9e95a56848608c37badcd95e3a56682a2596fd05f79d192bb96856b51c5ec2b7f6c850c587ee70eafecc8f1b2e525267b839250d17c76d37ded3c7a1335d19ac687d320592a75c40f6 200 224 - 30.111 ms
GET /api/database/AnalysisRepair?timestamp=1557754752&nonce=cd8dc5d9633a8005b288cb75ddd003d8aa33db530d735aaba05600f44e8d4563&sign=fd7d478c60152374cc204addce6fe886a76f9a540f840287af73a5dee024d44ff62eb0fa029c2625615990fccca8fc99ab225386afd70acd81d55a8df95bcc26d1101f12d85967fd3bba60f4aa0e4c083496d59eec4f63775c8b9ae6d453a6294342818ce7f69c78354b8d7be7cbd20fd967f5eaefec8ae406037c69a3def4d813b47f0f8e9b5614868d344ad64fb648 200 992 - 7.063 ms
GET /api/database/AnalysisCount?timestamp=1557754752&nonce=db3352a8a67a2755a7cc730216f0f4bca4b7f73ccc0401df21b5b0b734df72f9&sign=fd7d478c60152374cc204addce6fe88606981aaf6e6358c6b801caa4f0063a5ece683720e36353d57e060545804a12f78f455454386109df74de751ab44b694a1656e3095eeacc644f3bb6aa69d3bc00d847a45606e1c29823b4e76582dbec5ce1d5aede608262015398c524ce609d4b78ce8602d9779fc876a982ebe784285505ed88a9c8681800f14c225d7744debb 200 224 - 8.765 ms
GET /api/database/AnalysisRepair?timestamp=1557754756&nonce=fcc0677c881fcc35131b623d048007809b2cc7481eda533b3fdf4c17a60cdbf8&sign=fd7d478c60152374cc204addce6fe886a76f9a540f840287af73a5dee024d44ff62eb0fa029c2625615990fccca8fc99aa9fa11563be596086c9419f6a341d6be694a3f18b9bf5afd61f807f166685a052d08d4d68979a56289e6128a64d3a82c1a22f283a18ae6399117b87ef85ed5196535d787351a695bd76e9fcc46073e59dcf20fff3ba50162b470b63fca39385 200 992 - 9.410 ms
GET /api/database/AnalysisCount?timestamp=1557754756&nonce=a03975b12a137934ca6bcda6ce7015c4128f77939c33dd72696fb19e4772140c&sign=fd7d478c60152374cc204addce6fe88606981aaf6e6358c6b801caa4f0063a5ece683720e36353d57e060545804a12f72fc35c0e3f021dd6dd342c22148eed435f6d884bd65b845ed258d968aac684e98016b220e687d81085d712801b0949fe438a333ef0d791b414f4aca82d9310692d5e10e04bbfe38d334be6fc6491c5224b3c69d1843edc2e256738822e2f3d2b 200 224 - 12.074 ms
GET /api/database/AnalysisRepair?timestamp=1557754872&nonce=84ed19075ed461fe5b90328bf49c1fb7812d3fac1969db54e5bafb600f9ee4c4&sign=fd7d478c60152374cc204addce6fe886a76f9a540f840287af73a5dee024d44ff62eb0fa029c2625615990fccca8fc9970c3ef22cccf04ac8eb222ac10761088abfb80d18ca834be1ac068f34b9c1d52fc0ed8b87e79535d472d04123193dd9acef91a0084f4abad798206f78fe24fd367fecf8d32f80cde626f3405c0a2a9fd27b22a6730c5023ffb45916524f6206e 200 992 - 26.190 ms
GET /api/database/AnalysisCount?timestamp=1557754872&nonce=d592324b2d0a895f723e2827ebc5e5a2fd60bd0bba6af8089580f9ea50dda2ac&sign=fd7d478c60152374cc204addce6fe88606981aaf6e6358c6b801caa4f0063a5ece683720e36353d57e060545804a12f7eaa83277bb07de4f6b7453ef94db2c43e69a6fc80db88220c5859cf7aaa82ab1d976c890d20519d396dfda527e9d17e8ef3b99c4bb866a0c70170fbefca6d6f8140893f4e32501f101c9af0887414fbba2aa31f4c5ea22df55d809b62ae53003 200 224 - 12.252 ms
GET /api/database/AnalysisRepair?timestamp=1557754906&nonce=2c8942c963a4e6e76f8a080cfaa8259b75a96bf1970dbecc18b3925b066134de&sign=0b535a189965dd646c9e21adb463267cfb1de9f1e6eec6c0ed703f2b1eb39c809a722f5166e5e5959000906c3a23b7ba5f1d4ef601a578b87d9f22c718bd21d4ca46171fda2cd7bbf8e5725a024dd4578914265d1f2e26d4be866e7dc5669c23a1962baf6ceb468b970d7e6f2794c019ce30e2db0a0d810b078afb426048d949675f26060aca16c7caac4813fd552ed6 200 992 - 22.189 ms
GET /api/database/AnalysisCount?timestamp=1557754906&nonce=397535987ea3bc9bbfa3b33bd62d2e8ce1a704f6368303c15ef62ac913ec08a2&sign=0b535a189965dd646c9e21adb463267c6cc46c37a2bd959d4de95fa7ceebe3ef5ef5e44837305e5f8b3cb60703c908800b241658b337c363f8fb5ced7079a7e97fffe8299c1522ed68315fca9d2a241ac5a723f086aed186f8a4c99b3039b8a765e9308952e6e7973a70b1750c0a80dd5f40906e9813320adc3e8234403838b48921e02ba795b6cd967cb70b43924b55 200 224 - 28.383 ms
GET /api/database/AnalysisCount?timestamp=1557755083&nonce=ddc85d49f6ceec52a1c705dffed73118f9a7eb9a3d442a1ff883e5e07c42dde2&sign=0b535a189965dd646c9e21adb463267c6cc46c37a2bd959d4de95fa7ceebe3ef5ef5e44837305e5f8b3cb60703c90880bf275e34f5ea35e941dae48c26d5e05aa212d04ec7d8d3c63fc68fc93a4acb78e64033fde3902526ce99bd9a84a9b54fb8973176bd00b9554b4126c36aea16adc3550af88ccfd3fc0e1bda1d594b18985adc4046fa94e59ca9a633975fe4240f 200 224 - 23.829 ms
GET /api/database/AnalysisRepair?timestamp=1557755083&nonce=12be5db49042a2e54418270643df35cd5f98f1fc2ae6b521d96993a8e7fc9c01&sign=0b535a189965dd646c9e21adb463267cfb1de9f1e6eec6c0ed703f2b1eb39c809a722f5166e5e5959000906c3a23b7ba54220f0836118ff06ead1d3d26385bab01c25a44869eebc9eb30977d064bb18ac9673496e572ba260ecad8bdafc2f5eb86aeb041f3d6f1f4a8dee48c1f5b87c81495bdab919ad24b1a3df31c5b795e83d78714e7614a37eeb81486b90e3bdc15 200 992 - 57.994 ms
GET /api/database/AnalysisCount?timestamp=1557755137&nonce=17957b299dd88d5378b250e6da50bd49fc20f3c582a9c487047fcd560ad36000&sign=0b535a189965dd646c9e21adb463267c6cc46c37a2bd959d4de95fa7ceebe3ef5ef5e44837305e5f8b3cb60703c90880defdc6c638fce8afe77d7e2b6dfcac7ba6991da9b2b272c463afb1b790f6d450b3eae71ae75f6c979e5bf2657f6ae814ea54612ba52c74e640b5d2d7fa6d1be0a671870f43eaf39e0f09416d58c3f815ae0adfc591b1734dbc26cf799a82d062 200 224 - 53.703 ms
GET /api/database/AnalysisRepair?timestamp=1557755137&nonce=2fe29649d1b82b9cf81cdd03b5411716a7d12fdaebeff8a47ffc9b92de1d442f&sign=0b535a189965dd646c9e21adb463267cfb1de9f1e6eec6c0ed703f2b1eb39c809a722f5166e5e5959000906c3a23b7ba50b325d46bb61e522e8c235639d55993b02ecb9ba6637e735964d5605efc0722adc724ae29d759441c339eef9624c02121f377b20bd6b6bb215155cd972cfc88a40900c4168a60fcc42458747622e9fa50ae816ae37615eada9669e77d34fd94 200 992 - 75.306 ms
GET /api/database/AnalysisRepair?timestamp=1557755161&nonce=7caf5db1dbf2366b592f157ef50cdf90f38cceec72bd68711ecdbd6104ca0a64&sign=0b535a189965dd646c9e21adb463267cfb1de9f1e6eec6c0ed703f2b1eb39c809a722f5166e5e5959000906c3a23b7baac8bd2161f303374eeef6a50b20af0127bcd11e3080e7295fa28f14e539cebac7fd92c8e216975a7f0820304ec943c7155177f181d434aab0ba833374b86ba50de9509d68fdb169d67434a8c02d90cd7530d777bfcda4e9ebc9da6a675d144ec 200 992 - 55.806 ms
GET /api/database/AnalysisCount?timestamp=1557755161&nonce=d09b5b8853d738564f94dfe9adbfe8bd13d23cde91c02513adbef2dd55bae588&sign=0b535a189965dd646c9e21adb463267c6cc46c37a2bd959d4de95fa7ceebe3ef5ef5e44837305e5f8b3cb60703c90880b2d3e49471580410624bc74572a7877e5b56ca41a46255a8486b46d65bfea10bb62f7ac44e5a38e956e18344d9614644f8c3f97e59887674bac3fbac2b79949b6ea3ab607f90c06944b9cb51702f0728eb36110d4f7a32a3a378b8a3b06052a0 200 224 - 57.886 ms
GET /api/database/AnalysisRepair?timestamp=1557755214&nonce=8dfcdeaaceac590ac1e15fc2a17edb48378274d3847b532dc7bc0ce107e466d8&sign=0b535a189965dd646c9e21adb463267cfb1de9f1e6eec6c0ed703f2b1eb39c809a722f5166e5e5959000906c3a23b7ba7506f84ba8b503a1b0f9794d0f772b96bf6d66e9e298232ff903e5fa0cecaa975991a6c422610327db9936f263b59f4ac9a500ad3b4284544b32b64639d2a51288d96ed006d24263e50cb588923e096ed6def97f560dfb7e0839475ccef7ec45 200 992 - 27.251 ms
GET /api/database/AnalysisCount?timestamp=1557755214&nonce=e2f666710ff3ae5631de60b1c12b52ca845666bdb08a001c4dc7db8f0493afbc&sign=0b535a189965dd646c9e21adb463267c6cc46c37a2bd959d4de95fa7ceebe3ef5ef5e44837305e5f8b3cb60703c90880c189a63a2da6566e7656350108c7ce697317bb496a8af19edb1fc05a9a73839853237600d071d1ced2850f7dd8690093971f9af9b935462dc7f5116790705666a7c353a34450d9b9f033d1272a8bc0b21f634394c282a2647ca330494bdd0591 200 224 - 29.998 ms
GET /api/database/AnalysisRepair?timestamp=1557755266&nonce=d803b9c44cf2a21084de71c8d084e667568fa95d2abb51f1bb90aede87a6f955&sign=0b535a189965dd646c9e21adb463267cfb1de9f1e6eec6c0ed703f2b1eb39c809a722f5166e5e5959000906c3a23b7bac173d25a1e224f1b6d42d5568e17b42ff9435751d36de190538aee1d33b94131bc328cf11d3f395082fb58615050ecf6b9da6c034411151405295ca7c50b86d731c93796b174cb9607fa891f325fdd12b2a01c389ed86ec138f6f766d019c9d8 500 3329 - 39.338 ms
GET /api/database/AnalysisCount?timestamp=1557755266&nonce=69dabcc35fb497c70f88d5f8f5beb7fa9eefab47025cce9de2b5f6a57cc1ef04&sign=0b535a189965dd646c9e21adb463267c6cc46c37a2bd959d4de95fa7ceebe3ef5ef5e44837305e5f8b3cb60703c908801de2eb24f85c80624e38e3a00c1a6cc2acef25d028cd798f93a5577f20f6d3f35359fa7ede5e3d9e7fae9d70b2ed5ad931c000f45fbf3ab0f3aa7ec3a7744ba2e3bb374548da0f2d74605b08048116ef4c050dcfa92fb2951da3ab1681dae56e 500 3329 - 47.579 ms
GET /api/database/AnalysisRepair?timestamp=1557755283&nonce=83d378322bdf685931f45504cb61470d8cc39e7d65ee0fac40980c000faca439&sign=0b535a189965dd646c9e21adb463267cfb1de9f1e6eec6c0ed703f2b1eb39c809a722f5166e5e5959000906c3a23b7baaf4d97a8b8245ecb314a0f7dfae0b6acabae9e96b9cf8158bd9b8558d341bf3d96166e595e3cc361f7f6af5c5ac421f934f10acb19da7383f48518f2cfbf22aa85f8244dfe3caf127e92a609d16df97487bf8fdb5569495edebb8f6ae72ea00e 500 3329 - 4.958 ms
GET /api/database/AnalysisCount?timestamp=1557755283&nonce=d5d695538ef946c886d8cddf79d65400ad91fc2d2a53cb79971891a3055f5992&sign=0b535a189965dd646c9e21adb463267c6cc46c37a2bd959d4de95fa7ceebe3ef5ef5e44837305e5f8b3cb60703c90880d1ae27a0df723614be574577c30591a79bb5abcf7ae6c693f50779958ff3a01b7883d6d67c227b9ceae3304ce9175a6b74c8c2dde366f9863e1887137df6da037f7d8ff34820b1cb5749f8e6fc4cbe3e102faa84d667ed4c2b99498971a5caff 500 3329 - 7.712 ms
GET /api/database/AnalysisCount?timestamp=1557755311&nonce=2ca99ef0e745748fcd59bec061fccfeed70db88441d773f11fa611c4ff970911&sign=0b535a189965dd646c9e21adb463267c6cc46c37a2bd959d4de95fa7ceebe3ef5ef5e44837305e5f8b3cb60703c90880a5b0dada7a42eb0c2d2b88de96cdf02b694b368a31dff689fd711b2029599b3cb4950c139188a4b7088f6d765edc5bc95289b53d8a3a43b402aefeeb4b77e53ce8341d6fcb1a8d55ae9464407391836a3ee58e73094cd5ab3e636395fc80cae4 200 224 - 24.330 ms
GET /api/database/AnalysisRepair?timestamp=1557755311&nonce=d24dffd24f0d1ab456f49788819a979d820101c48c18919d8fe4fbace78d548e&sign=0b535a189965dd646c9e21adb463267cfb1de9f1e6eec6c0ed703f2b1eb39c809a722f5166e5e5959000906c3a23b7bae265b9ecb062e55a90413d6ffb497dcc4662bb9f10e856980041b0b6bacc1508ecbe649945c2e4029d98c3d71a672dd97438944e1606bffc519e96f2d56e783a7942a5a459f8d0bdf88562fc990301ceda2cfd0f5236c13074da6f693bff6a0e 200 992 - 42.621 ms
GET /api/database/AnalysisCount?timestamp=1557755351&nonce=947b1c14919828d09c3ef544384cede9db584ea8fae2ea8e4d9220250e0c1c1b&sign=0b535a189965dd646c9e21adb463267c6cc46c37a2bd959d4de95fa7ceebe3ef5ef5e44837305e5f8b3cb60703c908800639ec6301a2dd07f660781fcb75da047a32d235d3150831f6a9c49ce308f963b6ebdfffe0730f8352fa2c4a0029939e525e1399339606fe1196b5f82a70e014113d200584629feece52210d339085319917ab4f3b714963ac25b0b697e0e953 200 224 - 74.489 ms
GET /api/database/AnalysisRepair?timestamp=1557755351&nonce=226173b4084b147b9de78bd492b1d9a7d632fa22edc9153a1e59fe0842bb3ca1&sign=0b535a189965dd646c9e21adb463267cfb1de9f1e6eec6c0ed703f2b1eb39c809a722f5166e5e5959000906c3a23b7bab504415e21a62f6630bd5bcd13d42832cf9d7fa93a4c61ba9ab32560588e2729affcdb4aa3df4a9e3e535c59fd18accd3a88722cbfdb87c290ac1bcfa2f532ad3aff957ce650adcd502ec81ebd9bd9b372deb4ea060c89a4b0aae56503651983 200 992 - 93.007 ms
GET /api/database/AnalysisCount?timestamp=1557755482&nonce=6c0537265014201b7bd0c9eb4e60ec4734fa971118dfed01c99e1c27c23f1a01&sign=0b535a189965dd646c9e21adb463267c6cc46c37a2bd959d4de95fa7ceebe3ef5ef5e44837305e5f8b3cb60703c908802e8b849a1e185e57ede0765a02f4c45cb341897ec5beead88ef04b8cf3fb3b93b7c50e9f2ee6dcc3fe18b3669ac2f53119d538278f66261a34f8625f28ddc2535e6eb900a3e64eb47ba9891908a65c3e4bc061eae65ccc7c881459b691d905fc 200 224 - 36.046 ms
GET /api/database/AnalysisRepair?timestamp=1557755482&nonce=28cbbe09c3f1fa9c51c451a0c651901fa46bad73a2b9529899011835bff73569&sign=0b535a189965dd646c9e21adb463267cfb1de9f1e6eec6c0ed703f2b1eb39c809a722f5166e5e5959000906c3a23b7bafd0263f9f9a18109c7c65566e5d6b6cd010d3e163ef1c867abfbb6c3e3d2e969200323acccf05027c6a817f4f4dcc5cb3cf57c1d36b99c09a1d7c6c17536edefdd0e54b81151f8a39a0240756cf6058fe950732a2c3294d934f3a95fd50e7760 200 992 - 56.053 ms
GET /api/database/AnalysisCount?timestamp=1557755523&nonce=db7013f54b1ff819609f8b43cb24307e3387a88f248321e0a750d8bfec5e17d0&sign=0b535a189965dd646c9e21adb463267c6cc46c37a2bd959d4de95fa7ceebe3ef5ef5e44837305e5f8b3cb60703c90880589e34e1d0d32a7f0c00dd1cfccb1f1bc60a04c023efd28368b900c5615f4dca2228220a4fab6a0c5b7db00b7d556e6ad1b05f7315ff1f1d92a74cd566e6924b8d7b9f2edcc759f62db37d0c188c6be41b40b16d82c3e4b9ae482aa3cebcd278 200 224 - 46.721 ms
GET /api/database/AnalysisRepair?timestamp=1557755523&nonce=27306ea2bdcd3a287041e837bbcc0312913d477a0892abb8a936f375479a9089&sign=0b535a189965dd646c9e21adb463267cfb1de9f1e6eec6c0ed703f2b1eb39c809a722f5166e5e5959000906c3a23b7ba3b31b47f2f3a99de707be84ad2b89fb0e6d365471e674aac8c5aa958dff6127747e4026baf448875ce77748fff60d910ef8a2559325a8777f33d106686a2da7670c4ed3b96447a1240ff88c28135cb6a374c704c4eae945ee1be7648033fe734 200 992 - 62.717 ms
GET /api/database/AnalysisRepair?timestamp=1557755793&nonce=764319ed3a784fd4bbd428777f8bddf139eab55d4cadfcbb516310cc3c743aa4&sign=0b535a189965dd646c9e21adb463267cfb1de9f1e6eec6c0ed703f2b1eb39c809a722f5166e5e5959000906c3a23b7ba54f071c88a1b828f294bdd47081a649dbc0c3934d3e40cb967ca483985904e4a1144994da75dc2071057505422199eb5553b4ab0f2b78d632a2dabfb2079d423717ad8ea950a08a7639baa18d4b2ca84855da60769750acea7427579d97da2c7 200 992 - 28.136 ms
GET /api/database/AnalysisCount?timestamp=1557755793&nonce=d7343e3d24188a5161118cbd320dc38e307d41f9c1904cf94066d7f7a4e07abd&sign=0b535a189965dd646c9e21adb463267c6cc46c37a2bd959d4de95fa7ceebe3ef5ef5e44837305e5f8b3cb60703c9088084e044bdb631fb8736b126ba1a6de240005dc6b4cbed0e76a08abf8b9b7623db25363fc8164dc2faa24f4b19358289ca02f9b169b0869d294bef2bfc417225532a69dc26085f850475f82acd29b57625b55d1da8b989182259760d3281e0c92e 200 224 - 101.202 ms
GET /api/database/AnalysisRepair?timestamp=1557756043&nonce=3a0f365480f114358977d2132f10ddcc2576da420aabdeb4ce72b595830c2612&sign=0b535a189965dd646c9e21adb463267cfb1de9f1e6eec6c0ed703f2b1eb39c809a722f5166e5e5959000906c3a23b7ba3c7334ddd4f14f16484c6ee5cfd15465611510401c0ba21933a09ce7e6d5e0f650c2417b21dc7a6362e4cf9c6d07d998923376cd124be7170f456381ff11f93480d5e8fffd45bb36728e3fd622c5a227b25039bd2bc9b4f32c986fa2b4657c78 200 992 - 14.434 ms
GET /api/database/AnalysisCount?timestamp=1557756043&nonce=9c17bfe437449692ae3bc5a9213eab4bb3382814ace06cb8c897e789c7daf6ef&sign=0b535a189965dd646c9e21adb463267c6cc46c37a2bd959d4de95fa7ceebe3ef5ef5e44837305e5f8b3cb60703c9088045c38e706b8b6dc1947db7bce69e7eabac2bd77b97a6b87080a094d1e1abd46d907ac3f01a5112be49a8ea914f9b182e6fa578981e762d9274411f4c3e7c5aa47e3f3766386ad750344f958f0432301255c66e8b82575a2043a835e6c650428c 200 224 - 15.074 ms
GET /api/database/AnalysisCount?timestamp=1557756050&nonce=98a31b0dfcfab961f9ce23d4d394e9baeca4ea8ee14905b645c1ae29da9f34d7&sign=0b535a189965dd646c9e21adb463267c6cc46c37a2bd959d4de95fa7ceebe3ef5ef5e44837305e5f8b3cb60703c90880b2c0a6cad8b71dbe5dbc479abe9bd3e87e79e93e30611118bfc2a6b94694f9b77bb9a5040644e10942743ef1422805b8198e72b9d8f1474fb47bc840c4c49f6260c8724fea79acf29b386ac4138eaf02c86bc0650991778ca55fa65c7b6d540c 200 224 - 5.799 ms
GET /api/database/AnalysisRepair?timestamp=1557756050&nonce=0d5239315bb212f1372c196750ff4ef5dc6ed3c89c6eb0e435ccc0158ac1a41c&sign=0b535a189965dd646c9e21adb463267cfb1de9f1e6eec6c0ed703f2b1eb39c809a722f5166e5e5959000906c3a23b7bac19d05a87df2337b1ea21697cdd9bdea5c9b486c0fa5c9dd98695357bc3f9cb586805823dc5cc900b20bed6cccb03826ebd12aea2dac091e9987652df055c0a745c09ba93601b77c0daa236710eaaddaff10307e5cfd1f01e8a808a84983ddb3 200 992 - 15.258 ms
GET /api/database/AnalysisRepair?timestamp=1557756723&nonce=cb3fcd84d0f7ac29a8c7d85233501e29&sign=1441a7909c087dbbe7ce59881b9df8b9 500 3223 - 74.772 ms
GET /api/database/AnalysisCount?timestamp=1557756723&nonce=7c1b2171892a88dd4e2dfb3db206a3b6&sign=1441a7909c087dbbe7ce59881b9df8b9 500 3223 - 80.029 ms
GET /api/database/AnalysisRepair?timestamp=1557756748&nonce=b1b9f571db4dd0903294ea8e82ccf0d8&sign=1441a7909c087dbbe7ce59881b9df8b9 200 992 - 27.895 ms
GET /api/database/AnalysisCount?timestamp=1557756748&nonce=f3cf16e5c3dd2469e5c6b6067a5e2210&sign=1441a7909c087dbbe7ce59881b9df8b9 200 224 - 74.793 ms
GET /api/database/AnalysisCount?timestamp=1557756766&nonce=04e0280ff3357c31de8f759bd96b3484&sign=1441a7909c087dbbe7ce59881b9df8b9 200 224 - 42.529 ms
GET /api/database/AnalysisRepair?timestamp=1557756766&nonce=775493ffe435c521e0c25c6f205b6648&sign=1441a7909c087dbbe7ce59881b9df8b9 200 992 - 60.203 ms
GET /api/database/AnalysisRepair?timestamp=1557756820&nonce=ddb806cdb646e569bf823fe9000305a9&sign=1441a7909c087dbbe7ce59881b9df8b9 200 992 - 25.286 ms
GET /api/database/AnalysisCount?timestamp=1557756820&nonce=f3ad22185c4ad98030cac95c9aaa54c8&sign=1441a7909c087dbbe7ce59881b9df8b9 200 224 - 43.147 ms
GET /api/database/AnalysisRepair?timestamp=1557756919&nonce=b8830dac1f83b4e279a3b5af3aa1aaba&sign=1441a7909c087dbbe7ce59881b9df8b9 200 992 - 5.821 ms
GET /api/database/AnalysisCount?timestamp=1557756919&nonce=1b42c8b126b23f410e9a85155f7fcd76&sign=1441a7909c087dbbe7ce59881b9df8b9 200 224 - 8.006 ms
GET /api/database/AnalysisRepair?timestamp=1557756925&nonce=cbe2f4360a428000371362c913a3126a&sign=1441a7909c087dbbe7ce59881b9df8b9 200 992 - 12.050 ms
GET /api/database/AnalysisCount?timestamp=1557756925&nonce=6d704a040caef445e530c5b561e9bb06&sign=1441a7909c087dbbe7ce59881b9df8b9 200 224 - 13.173 ms
GET /api/database/List?table=apply&timestamp=1557756928&nonce=49d06b145d2dbf51d00ea8dc8797440d&sign=1441a7909c087dbbe7ce59881b9df8b9 200 1376 - 14.603 ms
GET /api/database/TableList?timestamp=1557756928&nonce=0492553aa3bc9a46818926436a2c2147&sign=1441a7909c087dbbe7ce59881b9df8b9 200 1536 - 19.645 ms
GET /api/database/ColumnList?table=apply&timestamp=1557756928&nonce=aa2b6048a286d0d4dd7851ec5a7b44ee&sign=1441a7909c087dbbe7ce59881b9df8b9 200 1248 - 21.929 ms
GET /api/database/List?table=apply&timestamp=1557756970&nonce=944edc8ff03730451e3e34594cf112f3&sign=1441a7909c087dbbe7ce59881b9df8b9 200 1376 - 41.116 ms
GET /api/database/TableList?timestamp=1557756970&nonce=8af753c3f66c9ed3d830b6951e6a464a&sign=1441a7909c087dbbe7ce59881b9df8b9 200 1536 - 47.994 ms
GET /api/database/ColumnList?table=apply&timestamp=1557756970&nonce=7b440b7e645e435a6160e4756fa1e12f&sign=1441a7909c087dbbe7ce59881b9df8b9 200 1248 - 75.621 ms
GET /api/database/TableList?timestamp=1557757690&nonce=d262e20f70c8a3bc54c73c70d261590d&sign=1441a7909c087dbbe7ce59881b9df8b9 500 3333 - 22.583 ms
GET /api/database/ColumnList?table=apply&timestamp=1557757690&nonce=57da13377048c4da1cf09fd4602b1075&sign=1441a7909c087dbbe7ce59881b9df8b9 500 3333 - 24.051 ms
GET /api/database/List?table=apply&timestamp=1557757690&nonce=d2e9e20bf2bddfa36a29e171e9004b41&sign=1441a7909c087dbbe7ce59881b9df8b9 500 3333 - 26.248 ms
GET /api/database/TableList?timestamp=1557757838&nonce=7a124f3809985aa340004af1fba9bb04&sign=1441a7909c087dbbe7ce59881b9df8b9 500 3333 - 24.148 ms
GET /api/database/ColumnList?table=apply&timestamp=1557757838&nonce=fa435929150600a844dce30e4fb1d029&sign=1441a7909c087dbbe7ce59881b9df8b9 500 3333 - 28.043 ms
GET /api/database/List?table=apply&timestamp=1557757838&nonce=c5674fbee551e1720527d97a1e5dc969&sign=1441a7909c087dbbe7ce59881b9df8b9 500 3333 - 33.206 ms
GET /api/database/TableList?timestamp=1557757877&nonce=b63e5ba0ac407b81d5f88ac7e5ef3f73&sign=1441a7909c087dbbe7ce59881b9df8b9 500 3333 - 16.634 ms
GET /api/database/ColumnList?table=apply&timestamp=1557757877&nonce=cb63e3be584b527594329292a9e75641&sign=1441a7909c087dbbe7ce59881b9df8b9 500 3333 - 19.071 ms
GET /api/database/List?table=apply&timestamp=1557757877&nonce=4bcd5995026a36c71a0d08038c4f5818&sign=1441a7909c087dbbe7ce59881b9df8b9 500 3333 - 20.503 ms
GET /api/database/TableList?timestamp=1557757936&nonce=d82e210aaced969137fa98153e896c75&sign=1441a7909c087dbbe7ce59881b9df8b9 500 3333 - 23.971 ms
GET /api/database/ColumnList?table=apply&timestamp=1557757936&nonce=0808cdb0e0723e463da1ae087f6af74d&sign=1441a7909c087dbbe7ce59881b9df8b9 500 3333 - 27.635 ms
GET /api/database/List?table=apply&timestamp=1557757936&nonce=97cfd87ba10e03edd47ba1756d371753&sign=1441a7909c087dbbe7ce59881b9df8b9 500 3333 - 29.063 ms
GET /api/database/TableList?timestamp=1557757953&nonce=9f625b81ba7cc8c9a1d11709aaeb961d&sign=1441a7909c087dbbe7ce59881b9df8b9 500 3333 - 3.015 ms
GET /api/database/ColumnList?table=apply&timestamp=1557757953&nonce=bf59e94b22d3140e058a62b6b604d040&sign=1441a7909c087dbbe7ce59881b9df8b9 500 3333 - 6.129 ms
GET /api/database/List?table=apply&timestamp=1557757953&nonce=56164ceb80d26cbffff42c75f3610e55&sign=1441a7909c087dbbe7ce59881b9df8b9 500 3333 - 18.595 ms
GET /api/database/TableList?timestamp=1557758059&nonce=96b6187c737769481a5c5bd54431396e&sign=1441a7909c087dbbe7ce59881b9df8b9 500 3341 - 18.265 ms
GET /api/database/ColumnList?table=apply&timestamp=1557758059&nonce=b194c5236757e0e29d245f0c66035d36&sign=1441a7909c087dbbe7ce59881b9df8b9 500 3341 - 18.925 ms
GET /api/database/List?table=apply&timestamp=1557758059&nonce=211465532e7ad60995996940a7a9c4d2&sign=1441a7909c087dbbe7ce59881b9df8b9 500 3341 - 21.731 ms
GET /api/database/List?table=apply&timestamp=1557758093&nonce=45302dc2e4afad8f2af69e5c5b2c2089&sign=1441a7909c087dbbe7ce59881b9df8b9 200 1376 - 78.065 ms
GET /api/database/TableList?timestamp=1557758093&nonce=a56150d37654b50b5f21fcada3cadd34&sign=1441a7909c087dbbe7ce59881b9df8b9 200 1536 - 92.987 ms
GET /api/database/ColumnList?table=apply&timestamp=1557758093&nonce=45d5cbc06bb21a4af01ccc6274d3d7cb&sign=1441a7909c087dbbe7ce59881b9df8b9 200 1248 - 91.930 ms
GET /api/database/TableList?timestamp=1557758099&nonce=af45b6f7abf7d6da5ba4463dadfdd0af&sign=1441a7909c087dbbe7ce59881b9df8b9 200 1536 - 14.089 ms
GET /api/database/List?table=apply&timestamp=1557758099&nonce=4609c48214cecc0e42b1926487df4aaf&sign=1441a7909c087dbbe7ce59881b9df8b9 200 1376 - 9.843 ms
GET /api/database/ColumnList?table=apply&timestamp=1557758099&nonce=943791748880138beac54a67b032f047&sign=1441a7909c087dbbe7ce59881b9df8b9 200 1248 - 27.980 ms
GET /api/database/TableList?timestamp=1557758136&nonce=071124529d8a6deb455006b7c0f762e1&sign=1441a7909c087dbbe7ce59881b9df8b9 200 1536 - 33.293 ms
GET /api/database/List?table=apply&timestamp=1557758136&nonce=24a8baebae6fe58756fce52de692f72e&sign=1441a7909c087dbbe7ce59881b9df8b9 200 1376 - 29.499 ms
GET /api/database/ColumnList?table=apply&timestamp=1557758136&nonce=a3414fc90c7b066adea472dad6c87c49&sign=1441a7909c087dbbe7ce59881b9df8b9 200 1248 - 36.576 ms
GET /api/database/TableList?timestamp=1557758730&nonce=341a8114b33be5db1a6c5a2e6929267d&sign=1441a7909c087dbbe7ce59881b9df8b9 200 1536 - 34.011 ms
GET /api/database/ColumnList?table=apply&timestamp=1557758730&nonce=040fc6d11fe66b27289e513e53456c72&sign=1441a7909c087dbbe7ce59881b9df8b9 200 1248 - 43.109 ms
GET /api/database/List?table=apply&timestamp=1557758730&nonce=c5acf922f27ec923eaf5b61a66afbdb1&sign=1441a7909c087dbbe7ce59881b9df8b9 200 1376 - 48.662 ms
GET /api/database/TableList?nonce=ea9bc6eb8a18ae0a2f8622fc03db68a0&sign=1441a7909c087dbbe7ce59881b9df8b9 200 1536 - 111.212 ms
GET /api/database/ColumnList?table=apply&timestamp=1557758858&nonce=f21ebfa43ac64278a774000f55620a0f&sign=1441a7909c087dbbe7ce59881b9df8b9 200 1248 - 113.205 ms
GET /api/database/List?table=apply&timestamp=1557758858&nonce=0b8ff8479731d03077c1dd94f70b88eb&sign=1441a7909c087dbbe7ce59881b9df8b9 200 1376 - 119.908 ms
GET /api/database/AnalysisRepair?nonce=85fa0df090788124d5ebcae7260042fd&sign=1441a7909c087dbbe7ce59881b9df8b9 200 992 - 17.809 ms
GET /api/database/AnalysisCount?nonce=0e4eb022bdffa14fd982e06c2024cfb6&sign=1441a7909c087dbbe7ce59881b9df8b9 200 224 - 26.003 ms
GET /api/database/AnalysisRepair?timestamp=1557758872&nonce=38b4f5042d59cae7c899346733640ccb&sign=1441a7909c087dbbe7ce59881b9df8b9 200 992 - 4.757 ms
GET /api/database/AnalysisCount?timestamp=1557758872&nonce=273754ab61624131eb75d96b8f72145d&sign=1441a7909c087dbbe7ce59881b9df8b9 200 224 - 31.327 ms
GET /api/database/AnalysisRepair?timestamp=1557758906&nonce=9f84c4da638930c2439a70eafdee7af5&sign=1441a7909c087dbbe7ce59881b9df8b9 200 992 - 11.218 ms
GET /api/database/AnalysisCount?timestamp=1557758906&nonce=0937766a154f410f242ba3ee570bd87c&sign=1441a7909c087dbbe7ce59881b9df8b9 200 224 - 7.951 ms
GET /api/database/TableList?timestamp=1557758908&nonce=4f709537811b8cb54a5d645eec6b649e&sign=1441a7909c087dbbe7ce59881b9df8b9 200 1536 - 26.860 ms
GET /api/database/List?table=apply&timestamp=1557758908&nonce=a7ccb12ce9dc843ba0aed04c538c9c1c&sign=1441a7909c087dbbe7ce59881b9df8b9 200 1376 - 24.248 ms
GET /api/database/ColumnList?table=apply&timestamp=1557758908&nonce=2bb07356c3a1c253d7b04736f52c11b9&sign=1441a7909c087dbbe7ce59881b9df8b9 200 1248 - 27.862 ms
GET /api/database/TableList?timestamp=1557758921&nonce=9d6743139e3f7b4244fd4d473dfea71d&sign=1441a7909c087dbbe7ce59881b9df8b9 200 1536 - 14.512 ms
GET /api/database/ColumnList?table=apply&timestamp=1557758921&nonce=8925009dd121f8ddbaa2502e0f5c81ec&sign=1441a7909c087dbbe7ce59881b9df8b9 200 1248 - 14.633 ms
GET /api/database/List?table=apply&timestamp=1557758921&nonce=1eaf5dbec68823d30692f73a5a48999b&sign=1441a7909c087dbbe7ce59881b9df8b9 200 1376 - 13.737 ms
GET /api/database/TableList?timestamp=1557758999&nonce=b7109c248ada8c9f2a2bddfe51074b2f&sign=1441a7909c087dbbe7ce59881b9df8b9 200 1536 - 29.988 ms
GET /api/database/List?table=apply&timestamp=1557758999&nonce=bce8b0be0732d3a033f2f9ca57617899&sign=1441a7909c087dbbe7ce59881b9df8b9 200 1376 - 37.527 ms
GET /api/database/ColumnList?table=apply&timestamp=1557758999&nonce=f7adfbe72f0899d165494f34a025f1f3&sign=1441a7909c087dbbe7ce59881b9df8b9 200 1248 - 70.660 ms
GET /api/database/TableList?timestamp=1557759000&nonce=9b3f081228fd1f466759e06e2795e9a4&sign=1441a7909c087dbbe7ce59881b9df8b9 200 1536 - 21.150 ms
GET /api/database/ColumnList?table=apply&timestamp=1557759000&nonce=3c25882a99e3bc205e649d5ff2797eb4&sign=1441a7909c087dbbe7ce59881b9df8b9 200 1248 - 32.155 ms
GET /api/database/List?table=apply&timestamp=1557759000&nonce=5c791b3e4948fce2ad17e68fa950ed7c&sign=1441a7909c087dbbe7ce59881b9df8b9 200 1376 - 10.445 ms
GET /api/database/TableList?timestamp=1557759001&nonce=9a13d12779709d0aade94cab2fa43582&sign=1441a7909c087dbbe7ce59881b9df8b9 200 1536 - 36.610 ms
GET /api/database/ColumnList?table=apply&timestamp=1557759001&nonce=a5ee59d6b89efea9ddf0c883bda7c97c&sign=1441a7909c087dbbe7ce59881b9df8b9 200 1248 - 38.413 ms
GET /api/database/List?table=apply&timestamp=1557759001&nonce=c2487bb903b7c3c87701a3384d221a3b&sign=1441a7909c087dbbe7ce59881b9df8b9 200 1376 - 44.705 ms
GET /api/database/List?table=apply&timestamp=1557759013&nonce=d1037bbd0e7099cc9248d771d0dc9986&sign=1441a7909c087dbbe7ce59881b9df8b9 200 1376 - 14.427 ms
GET /api/database/TableList?timestamp=1557759013&nonce=c639fbff11377674c7c692506193c51a&sign=1441a7909c087dbbe7ce59881b9df8b9 200 1536 - 21.176 ms
GET /api/database/ColumnList?table=apply&timestamp=1557759013&nonce=306427b6e1e9c262a100eb3b2021cb92&sign=1441a7909c087dbbe7ce59881b9df8b9 200 1248 - 23.745 ms
GET /api/database/AnalysisRepair?timestamp=1557759026&nonce=1966225f1c1407b3eb90516bb086d28f&sign=1441a7909c087dbbe7ce59881b9df8b9 200 992 - 20.979 ms
GET /api/database/AnalysisCount?timestamp=1557759026&nonce=f96aab2e3471b056a466009acf0025d9&sign=1441a7909c087dbbe7ce59881b9df8b9 200 224 - 23.703 ms
GET /api/database/AnalysisRepair?timestamp=0&nonce=9a24275c6f8a56dc4d0d77e3edeb3218&sign=1441a7909c087dbbe7ce59881b9df8b9 200 992 - 7.120 ms
GET /api/database/AnalysisCount?timestamp=0&nonce=c4d450a5c092aeda95e7f01e0673da5a&sign=1441a7909c087dbbe7ce59881b9df8b9 200 224 - 8.597 ms
GET /api/database/AnalysisRepair?timestamp=1557759068&nonce=b3ee743eb229da4e940ccd6eee9e146c&sign=1441a7909c087dbbe7ce59881b9df8b9 200 992 - 10.241 ms
GET /api/database/AnalysisCount?timestamp=1557759068&nonce=52bf0c05f6d22d61f935800e7984f71e&sign=1441a7909c087dbbe7ce59881b9df8b9 200 224 - 11.311 ms
GET /api/database/AnalysisRepair?timestamp=0&nonce=b558179adfe3a513443af40616a7884f&sign=1441a7909c087dbbe7ce59881b9df8b9 200 992 - 43.400 ms
GET /api/database/AnalysisCount?timestamp=0&nonce=8f0fc74d31b5a7f0bba71ebbf56a3b76&sign=1441a7909c087dbbe7ce59881b9df8b9 200 224 - 43.863 ms
GET /api/database/AnalysisRepair?timestamp=0&nonce=d133eefb84003705e37763b05610558d&sign=1441a7909c087dbbe7ce59881b9df8b9 - - - - ms
GET /api/database/AnalysisCount?timestamp=0&nonce=395f95a1d07e97d6c18bb8927907d81d&sign=1441a7909c087dbbe7ce59881b9df8b9 - - - - ms
GET /api/database/TableList?timestamp=0&nonce=d2c70a4b3c71bc0b8679a3c6bd4af487&sign=1441a7909c087dbbe7ce59881b9df8b9 - - - - ms
GET /api/database/ColumnList?table=apply&timestamp=0&nonce=5bbe630fdf3e1c2591cfb5597e76d360&sign=1441a7909c087dbbe7ce59881b9df8b9 - - - - ms
GET /api/database/List?table=apply&timestamp=0&nonce=7e6129bb0f4f146c5d079619a485f070&sign=1441a7909c087dbbe7ce59881b9df8b9 - - - - ms
GET /api/database/AnalysisRepair?timestamp=0&nonce=0c4347ec7ecb07b03fdeb1f445c38f67&sign=1441a7909c087dbbe7ce59881b9df8b9 - - - - ms
GET /api/database/AnalysisCount?timestamp=0&nonce=3b4320e6cdec14f462324bb714dcb214&sign=1441a7909c087dbbe7ce59881b9df8b9 - - - - ms
GET /api/database/TableList?timestamp=0&nonce=ff7773348f8c217af1a6cd8e2803fd3c&sign=1441a7909c087dbbe7ce59881b9df8b9 - - - - ms
GET /api/database/ColumnList?table=apply&timestamp=0&nonce=540f22e8ef2878d8a7fea310e5b111a5&sign=1441a7909c087dbbe7ce59881b9df8b9 - - - - ms
GET /api/database/List?table=apply&timestamp=0&nonce=e058dc72acc2a36fab42263be8e15808&sign=1441a7909c087dbbe7ce59881b9df8b9 - - - - ms
GET /api/database/ColumnsMsgList?table=_coloption&timestamp=0&nonce=d8b1b9eea840d1caf48af98299809a67&sign=1441a7909c087dbbe7ce59881b9df8b9 - - - - ms
GET /api/database/List?table=_coloption&timestamp=0&nonce=9c27984461f5ce77e205b7721f80ae27&sign=1441a7909c087dbbe7ce59881b9df8b9 - - - - ms
GET /api/database/TableList?timestamp=0&nonce=9be916381dead4ccd58bd3ad7eba66c0&sign=1441a7909c087dbbe7ce59881b9df8b9 - - - - ms
GET /api/database/ColumnList?table=apply&timestamp=0&nonce=892cf094c49638c519e10392a17dfe99&sign=1441a7909c087dbbe7ce59881b9df8b9 - - - - ms
GET /api/database/List?table=apply&timestamp=0&nonce=6b5a08c16fca4e9d2233b2179aad8521&sign=1441a7909c087dbbe7ce59881b9df8b9 - - - - ms
GET /api/database/List?table=apply&timestamp=1557759257&nonce=749736df7b199f9f16285bcae5d3abd7&sign=1441a7909c087dbbe7ce59881b9df8b9 200 1376 - 21.828 ms
GET /api/database/TableList?timestamp=1557759257&nonce=d288c5f340696091d9ea7d57c7da8e6e&sign=1441a7909c087dbbe7ce59881b9df8b9 200 1536 - 43.930 ms
GET /api/database/ColumnList?table=apply&timestamp=1557759257&nonce=3b7f1c2ff6fa8d49b34747374d21c90f&sign=1441a7909c087dbbe7ce59881b9df8b9 200 1248 - 43.529 ms
GET /api/database/TableList?timestamp=1557759261&nonce=ef4e429746b4282299bb1e5c3da3d1b9&sign=1441a7909c087dbbe7ce59881b9df8b9 200 1536 - 44.343 ms
GET /api/database/ColumnList?table=apply&timestamp=1557759261&nonce=2cf8f4250e293edda6bbad5137707b63&sign=1441a7909c087dbbe7ce59881b9df8b9 200 1248 - 46.258 ms
GET /api/database/List?table=apply&timestamp=1557759261&nonce=cc87e9f983563d883666eca2434f906f&sign=1441a7909c087dbbe7ce59881b9df8b9 200 1376 - 68.432 ms
GET /api/database/AnalysisRepair?timestamp=1557759265&nonce=8806ebd74abca2d6b4deaa8ae1a6950d&sign=1441a7909c087dbbe7ce59881b9df8b9 200 992 - 19.308 ms
GET /api/database/AnalysisCount?timestamp=1557759265&nonce=71dfeab291b6ff6b4a8ecb64d4dc4fb0&sign=1441a7909c087dbbe7ce59881b9df8b9 200 224 - 35.565 ms
GET /api/database/TableList?timestamp=1557759270&nonce=2934537375153eb8f414d60fe9a77fc4&sign=1441a7909c087dbbe7ce59881b9df8b9 200 1536 - 6.917 ms
GET /api/database/ColumnList?table=apply&timestamp=1557759270&nonce=d7d26040f02da6f4f9b5700d618e7b52&sign=1441a7909c087dbbe7ce59881b9df8b9 200 1248 - 6.733 ms
GET /api/database/List?table=apply&timestamp=1557759270&nonce=935a02c4877efcb92d4b6bd4555796cb&sign=1441a7909c087dbbe7ce59881b9df8b9 200 1376 - 8.746 ms
GET /api/database/List?table=_coloption&timestamp=1557759274&nonce=e9b59e314a22e641217e7b8009ddf8f0&sign=1441a7909c087dbbe7ce59881b9df8b9 200 4320 - 57.660 ms
GET /api/database/ColumnsMsgList?table=_coloption&timestamp=1557759274&nonce=4e1a8479350e2545c4182550d315dd93&sign=1441a7909c087dbbe7ce59881b9df8b9 200 384 - 70.762 ms
GET /api/database/TableList?timestamp=1557759278&nonce=3b8269d221836d84672e77120c34d671&sign=1441a7909c087dbbe7ce59881b9df8b9 200 1536 - 11.473 ms
GET /api/database/ColumnList?table=apply&timestamp=1557759278&nonce=6f678484df050da2d0f6227cb457065c&sign=1441a7909c087dbbe7ce59881b9df8b9 200 1248 - 12.452 ms
GET /api/database/List?table=apply&timestamp=1557759278&nonce=e45247960639f450cadab071725b3d15&sign=1441a7909c087dbbe7ce59881b9df8b9 200 1376 - 28.125 ms
PUT /api/database/update - - - - ms
GET /api/database/List?table=apply&timestamp=1557759387&nonce=f758fdb6be6cbe24086188ac57da46e1&sign=1441a7909c087dbbe7ce59881b9df8b9 200 1376 - 23.082 ms
GET /api/database/TableList?timestamp=1557759387&nonce=60f401d44bef44b37be56850f86e4844&sign=1441a7909c087dbbe7ce59881b9df8b9 200 1536 - 37.373 ms
GET /api/database/ColumnList?table=apply&timestamp=1557759387&nonce=d861f4de6c7d9eec1ba64a2ebe0dde53&sign=1441a7909c087dbbe7ce59881b9df8b9 200 1248 - 38.865 ms
GET /api/database/CSVList?timestamp=1557759389&nonce=cd3efd600bf2792155d319094cbd61bd&sign=1441a7909c087dbbe7ce59881b9df8b9 200 88704 - 619.498 ms
GET /api/database/List?table=_coloption&timestamp=1557759395&nonce=3007b8a64d377264a658dbfae95adbd4&sign=1441a7909c087dbbe7ce59881b9df8b9 200 4320 - 8.844 ms
GET /api/database/ColumnsMsgList?table=_coloption&timestamp=1557759395&nonce=8a9cba5385c7ca7bd1a0bdff22eb266c&sign=1441a7909c087dbbe7ce59881b9df8b9 200 384 - 93.723 ms
GET /api/database/TableList?timestamp=1557759398&nonce=7643d187f1b5d0a80731eb703f9236b6&sign=1441a7909c087dbbe7ce59881b9df8b9 200 1536 - 49.525 ms
GET /api/database/ColumnList?table=apply&timestamp=1557759398&nonce=51854130a686ed90e9b61ad6ae4f6b27&sign=1441a7909c087dbbe7ce59881b9df8b9 200 1248 - 15.478 ms
GET /api/database/List?table=apply&timestamp=1557759398&nonce=d2538bdbf549e0a0c4df40f915cc0054&sign=1441a7909c087dbbe7ce59881b9df8b9 200 1376 - 18.668 ms
PUT /api/database/update - - - - ms
GET /api/database/List?table=apply&timestamp=1557759509&nonce=80d2c98c5883e94e4e85139465275b5c&sign=1441a7909c087dbbe7ce59881b9df8b9 200 1376 - 20.428 ms
GET /api/database/TableList?timestamp=1557759509&nonce=17528dd11e2d179b9ab20ff27fb2283e&sign=1441a7909c087dbbe7ce59881b9df8b9 200 1536 - 55.642 ms
GET /api/database/ColumnList?table=apply&timestamp=1557759509&nonce=996b65ff8daeb32e1f9d37629f17df39&sign=1441a7909c087dbbe7ce59881b9df8b9 200 1248 - 54.566 ms
DELETE /api/database/delete - - - - ms
GET /api/database/TableList?timestamp=1557759517&nonce=755c39c9a550bea132c74244052442fd&sign=1441a7909c087dbbe7ce59881b9df8b9 200 1536 - 17.206 ms
GET /api/database/ColumnList?table=apply&timestamp=1557759517&nonce=ad3fecc27c18be9a77bc2d3a10cae79c&sign=1441a7909c087dbbe7ce59881b9df8b9 200 1248 - 31.023 ms
GET /api/database/List?table=apply&timestamp=1557759517&nonce=da2f1a92941d89a62f21e4c17fb765ad&sign=1441a7909c087dbbe7ce59881b9df8b9 200 1376 - 33.633 ms
GET /api/database/TableList?timestamp=1557759739&nonce=a2864235e665e33947d6b74095835af1&sign=1441a7909c087dbbe7ce59881b9df8b9 200 1536 - 46.260 ms
GET /api/database/List?table=apply&timestamp=1557759739&nonce=e8f8b9ec7e47716f781c53b2ab7493ec&sign=1441a7909c087dbbe7ce59881b9df8b9 200 1376 - 58.509 ms
GET /api/database/ColumnList?table=apply&timestamp=1557759739&nonce=3e28269af0827fb39e85ff665c31884d&sign=1441a7909c087dbbe7ce59881b9df8b9 200 1248 - 82.288 ms
GET /api/database/List?table=bed&timestamp=1557759752&nonce=0535de7f34758c71aed33f186d6f8d48&sign=1441a7909c087dbbe7ce59881b9df8b9 200 10208 - 15.357 ms
GET /api/database/ColumnList?table=bed&timestamp=1557759752&nonce=b769733240b05d51c9bc146cfb431c46&sign=1441a7909c087dbbe7ce59881b9df8b9 200 512 - 20.348 ms
GET /api/database/TableList?timestamp=1557759828&nonce=16b7333e3bdc70dfbb690922802943c9&sign=1441a7909c087dbbe7ce59881b9df8b9 200 1536 - 24.451 ms
GET /api/database/ColumnList?table=apply&timestamp=1557759828&nonce=3ade60b24439818abab067c14f7b4cf9&sign=1441a7909c087dbbe7ce59881b9df8b9 200 1248 - 45.336 ms
GET /api/database/List?table=apply&timestamp=1557759828&nonce=c04681b17ce84fd2c3b80b658ae354a0&sign=1441a7909c087dbbe7ce59881b9df8b9 200 1376 - 48.443 ms
GET /api/database/TableList?timestamp=1557759830&nonce=beeb913b92880658684314eea39d493b&sign=1441a7909c087dbbe7ce59881b9df8b9 200 1536 - 17.255 ms
GET /api/database/ColumnList?table=apply&timestamp=1557759830&nonce=2bd548f2c3e95f3c283c5443765c6f1f&sign=1441a7909c087dbbe7ce59881b9df8b9 200 1248 - 33.872 ms
GET /api/database/List?table=apply&timestamp=1557759830&nonce=fef68c5c186e7013ac256deafe81cd98&sign=1441a7909c087dbbe7ce59881b9df8b9 200 1376 - 36.596 ms
GET /api/database/List?table=bed&timestamp=1557759832&nonce=c37723fe1d746dc34d9be9d44a863fa0&sign=1441a7909c087dbbe7ce59881b9df8b9 200 10208 - 32.171 ms
GET /api/database/ColumnList?table=bed&timestamp=1557759832&nonce=34bbb0be9fc8e099e3e8561f3a2e48a6&sign=1441a7909c087dbbe7ce59881b9df8b9 200 512 - 34.255 ms
GET /api/database/ColumnList?table=boarder&timestamp=1557759833&nonce=18d26e578a187a1ae33394fc69819292&sign=1441a7909c087dbbe7ce59881b9df8b9 200 480 - 15.418 ms
GET /api/database/List?table=boarder&timestamp=1557759833&nonce=982fb5d6048b90f166dcad24cb3c4c53&sign=1441a7909c087dbbe7ce59881b9df8b9 200 10880 - 57.821 ms
DELETE /api/database/delete - - - - ms
GET /api/database/ColumnList?table=apply&timestamp=1557759842&nonce=ec91c0165194d42f37fb87f49601d39c&sign=1441a7909c087dbbe7ce59881b9df8b9 200 1248 - 26.654 ms
GET /api/database/TableList?timestamp=1557759842&nonce=a32313efa4017e3cef2f86ceb4ee5869&sign=1441a7909c087dbbe7ce59881b9df8b9 200 1536 - 32.645 ms
GET /api/database/List?table=apply&timestamp=1557759842&nonce=45ab039493c68775cfa5ac0078387c6b&sign=1441a7909c087dbbe7ce59881b9df8b9 200 1376 - 10.352 ms
DELETE /api/database/delete - - - - ms
DELETE /api/database/delete - - - - ms
GET /api/database/TableList?timestamp=1557759860&nonce=9e0128db1f17e1a21ff93787b5c60d3e&sign=1441a7909c087dbbe7ce59881b9df8b9 200 1536 - 10.414 ms
GET /api/database/ColumnList?table=apply&timestamp=1557759860&nonce=1acdd14b0fde87a7159ae1d22045f431&sign=1441a7909c087dbbe7ce59881b9df8b9 200 1248 - 25.814 ms
GET /api/database/List?table=apply&timestamp=1557759860&nonce=763363a7d83f42d524fc82cedb0fc5e0&sign=1441a7909c087dbbe7ce59881b9df8b9 200 1376 - 30.436 ms
PUT /api/database/update - - - - ms
GET /api/database/TableList?timestamp=1557760246&nonce=7235cef23b4a74955f0513eaaa745fe0&sign=1441a7909c087dbbe7ce59881b9df8b9 200 1536 - 27.354 ms
GET /api/database/ColumnList?table=apply&timestamp=1557760246&nonce=1a6180bbee7f7635a87b7bf0310284c1&sign=1441a7909c087dbbe7ce59881b9df8b9 200 1248 - 29.613 ms
GET /api/database/List?table=apply&timestamp=1557760246&nonce=c4b5579ecbac8311f6ba336e3eb23341&sign=1441a7909c087dbbe7ce59881b9df8b9 200 1376 - 8.007 ms
PUT /api/database/update - - - - ms
GET /api/database/List?table=apply&timestamp=1557760356&nonce=b36bf655c9eec7c3ef5cf38177983509&sign=1441a7909c087dbbe7ce59881b9df8b9 200 1376 - 21.779 ms
GET /api/database/TableList?timestamp=1557760356&nonce=378dfcc1f078aaf47036aa5ecb1c87dd&sign=1441a7909c087dbbe7ce59881b9df8b9 200 1536 - 54.915 ms
GET /api/database/ColumnList?table=apply&timestamp=1557760356&nonce=0dda20955e9e8585e89257e81c3ebf36&sign=1441a7909c087dbbe7ce59881b9df8b9 200 1248 - 51.945 ms
PUT /api/database/update 200 32 - 885.994 ms
GET /api/database/TableList?timestamp=1557760382&nonce=30ede958421bad5b2290fd31adf324f8&sign=1441a7909c087dbbe7ce59881b9df8b9 200 1536 - 18.397 ms
GET /api/database/ColumnList?table=apply&timestamp=1557760382&nonce=747fa477ce98884e07b37cb9f8734d12&sign=1441a7909c087dbbe7ce59881b9df8b9 200 1248 - 33.500 ms
GET /api/database/List?table=apply&timestamp=1557760382&nonce=89224cf6cb306f7022fa285c482af6da&sign=1441a7909c087dbbe7ce59881b9df8b9 200 1376 - 90.986 ms
GET /api/database/TableList?timestamp=1557760388&nonce=1f113ec2c18e90328a3f250342bd1bed&sign=1441a7909c087dbbe7ce59881b9df8b9 200 1536 - 20.513 ms
GET /api/database/ColumnList?table=apply&timestamp=1557760388&nonce=106141d29e5ec61be0bc80a847677a35&sign=1441a7909c087dbbe7ce59881b9df8b9 200 1248 - 31.874 ms
GET /api/database/List?table=apply&timestamp=1557760388&nonce=7c53e48b5a6c2e47c67d022a0c66546b&sign=1441a7909c087dbbe7ce59881b9df8b9 200 1376 - 35.098 ms
PUT /api/database/update 200 32 - 186.293 ms
GET /api/database/TableList?timestamp=1557760399&nonce=d0269858d6070ecb9c7f4d3e4beede44&sign=1441a7909c087dbbe7ce59881b9df8b9 200 1536 - 5.594 ms
GET /api/database/List?table=apply&timestamp=1557760399&nonce=f3cf30766f94f8a38caf168c5bf62b70&sign=1441a7909c087dbbe7ce59881b9df8b9 200 1376 - 8.596 ms
GET /api/database/ColumnList?table=apply&timestamp=1557760399&nonce=6f1144490b4a7850ac2ccd251ff5fbc1&sign=1441a7909c087dbbe7ce59881b9df8b9 200 1248 - 12.750 ms
GET /api/database/List?table=apply&timestamp=1557760422&nonce=5f7c546c6065ad8351e53f38d623e705&sign=1441a7909c087dbbe7ce59881b9df8b9 200 1376 - 49.926 ms
GET /api/database/TableList?timestamp=1557760422&nonce=6cb28e131259b6488fba579599b873c8&sign=1441a7909c087dbbe7ce59881b9df8b9 200 1536 - 66.597 ms
GET /api/database/ColumnList?table=apply&timestamp=1557760422&nonce=e88326da8111f3ab34a63ace3bd33c89&sign=1441a7909c087dbbe7ce59881b9df8b9 200 1248 - 61.739 ms
DELETE /api/database/delete 200 32 - 184.675 ms
GET /api/database/List?table=apply&timestamp=1557760429&nonce=50d87530a038b0171674076e63d587ba&sign=1441a7909c087dbbe7ce59881b9df8b9 200 1120 - 26.428 ms
GET /api/database/TableList?timestamp=1557760429&nonce=c0607b04c4c1b31495aae4a673c2711e&sign=1441a7909c087dbbe7ce59881b9df8b9 200 1536 - 31.546 ms
GET /api/database/ColumnList?table=apply&timestamp=1557760429&nonce=7b8c7767408c560c8b2f159d366260c4&sign=1441a7909c087dbbe7ce59881b9df8b9 200 1248 - 32.495 ms
GET /api/database/TableList?timestamp=1557760432&nonce=9b09b46e1b60426258458df03a65f6e7&sign=1441a7909c087dbbe7ce59881b9df8b9 200 1536 - 11.423 ms
GET /api/database/ColumnList?table=apply&timestamp=1557760432&nonce=9f5fc7e6be022d379fb439e04194a4c7&sign=1441a7909c087dbbe7ce59881b9df8b9 200 1248 - 13.747 ms
GET /api/database/List?table=apply&timestamp=1557760432&nonce=31e9c0ed45f0dfac6075ec470bf8e00a&sign=1441a7909c087dbbe7ce59881b9df8b9 200 1120 - 14.951 ms
GET /api/database/List?table=apply&timestamp=1557760457&nonce=63b214bd1931387f86694f573bd77204&sign=1441a7909c087dbbe7ce59881b9df8b9 200 1120 - 23.857 ms
GET /api/database/TableList?timestamp=1557760457&nonce=46ff41266265b5fa4e5d44ef43d1db2a&sign=1441a7909c087dbbe7ce59881b9df8b9 200 1536 - 29.904 ms
GET /api/database/ColumnList?table=apply&timestamp=1557760457&nonce=88bfd91975774a41a39854d9e46a686f&sign=1441a7909c087dbbe7ce59881b9df8b9 200 1248 - 32.973 ms
GET /api/database/List?table=apply&timestamp=1557760655&nonce=40dce86274440683098c27bdab363b24&sign=1441a7909c087dbbe7ce59881b9df8b9 200 1120 - 28.351 ms
GET /api/database/TableList?timestamp=1557760655&nonce=16429075812c51c4ae3b89c8b84d8d55&sign=1441a7909c087dbbe7ce59881b9df8b9 200 1536 - 44.923 ms
GET /api/database/ColumnList?table=apply&timestamp=1557760655&nonce=9c566473622f2917ee8c01fd6441634e&sign=1441a7909c087dbbe7ce59881b9df8b9 200 1248 - 42.993 ms
GET /api/database/TableList?timestamp=1557760656&nonce=acdf14e051af8b48001273e7b60bfe82&sign=1441a7909c087dbbe7ce59881b9df8b9 200 1536 - 13.598 ms
GET /api/database/ColumnList?table=apply&timestamp=1557760656&nonce=ae962cfd4716007bc22587f902a465ec&sign=1441a7909c087dbbe7ce59881b9df8b9 200 1248 - 12.974 ms
GET /api/database/List?table=apply&timestamp=1557760656&nonce=cce04866b123bde95de5dc16539ccee6&sign=1441a7909c087dbbe7ce59881b9df8b9 200 1120 - 13.681 ms
GET /api/database/ColumnList?table=apply&timestamp=1557760658&nonce=bec81ae3653ff2b5489eb08baa48ee59&sign=1441a7909c087dbbe7ce59881b9df8b9 - - - - ms
GET /api/database/TableList?timestamp=1557760658&nonce=38127a1685f2c770806c314ad7d25baa&sign=1441a7909c087dbbe7ce59881b9df8b9 - - - - ms
GET /api/database/List?table=apply&timestamp=1557760658&nonce=c7df043cb18ca172be54aac83b0d4811&sign=1441a7909c087dbbe7ce59881b9df8b9 - - - - ms
GET /api/database/TableList?timestamp=1557760658&nonce=75eb712cecd23367a484de13b872f5d6&sign=1441a7909c087dbbe7ce59881b9df8b9 200 1536 - 30.686 ms
GET /api/database/List?table=apply&timestamp=1557760658&nonce=ba029a3647157be114a7c4f1d12078b4&sign=1441a7909c087dbbe7ce59881b9df8b9 200 1120 - 27.146 ms
GET /api/database/ColumnList?table=apply&timestamp=1557760658&nonce=5d1439235a8dd4f597ffe9e523030b62&sign=1441a7909c087dbbe7ce59881b9df8b9 200 1248 - 29.990 ms
GET /api/database/TableList?timestamp=1557760663&nonce=baa31bb6f355c937245afc0c58c7f8dd&sign=1441a7909c087dbbe7ce59881b9df8b9 200 1536 - 49.323 ms
GET /api/database/ColumnList?table=apply&timestamp=1557760663&nonce=0e9569eaf4f763d8a4e74814165ad030&sign=1441a7909c087dbbe7ce59881b9df8b9 200 1248 - 51.690 ms
GET /api/database/List?table=apply&timestamp=1557760663&nonce=15fd06fa3c53eba023d3427eae876272&sign=1441a7909c087dbbe7ce59881b9df8b9 200 1120 - 53.268 ms
GET /api/database/TableList?timestamp=1557760664&nonce=cafaa3180315fccd0cf94b6be7404b70&sign=1441a7909c087dbbe7ce59881b9df8b9 200 1536 - 15.386 ms
GET /api/database/ColumnList?table=apply&timestamp=1557760664&nonce=2d531822d0b3b25dddceb8d7654f346c&sign=1441a7909c087dbbe7ce59881b9df8b9 200 1248 - 13.386 ms
GET /api/database/List?table=apply&timestamp=1557760664&nonce=1fd26356033445d5a1e4d7f34279d67e&sign=1441a7909c087dbbe7ce59881b9df8b9 200 1120 - 14.131 ms
GET /api/database/TableList?timestamp=1557760859&nonce=ed2839ef846e1b6d620210b01c350d1d&sign=1441a7909c087dbbe7ce59881b9df8b9 200 1536 - 27.100 ms
GET /api/database/List?table=apply&timestamp=1557760859&nonce=d455adbb9bf83726abdc3f4336400051&sign=1441a7909c087dbbe7ce59881b9df8b9 200 1120 - 28.781 ms
GET /api/database/ColumnList?table=apply&timestamp=1557760859&nonce=63ee8e548a58fdde1a0909f8cbac01fb&sign=1441a7909c087dbbe7ce59881b9df8b9 200 1248 - 32.160 ms
GET /api/database/List?table=apply&timestamp=1557761035&nonce=0a0542e430144f5eacd8d755a7745ece&sign=1441a7909c087dbbe7ce59881b9df8b9 200 1120 - 12.437 ms
GET /api/database/TableList?timestamp=1557761035&nonce=21da562804ce2324c30dfa66cfaeca05&sign=1441a7909c087dbbe7ce59881b9df8b9 200 1536 - 16.590 ms
GET /api/database/ColumnList?table=apply&timestamp=1557761035&nonce=bdeaa83010a2cb9df4348dd5b713d3b3&sign=1441a7909c087dbbe7ce59881b9df8b9 200 1248 - 18.528 ms
GET /api/database/List?table=apply&timestamp=1557761110&nonce=9b3a5ffb448d09e54e70e577b3ed0e14&sign=1441a7909c087dbbe7ce59881b9df8b9 200 1120 - 21.659 ms
GET /api/database/TableList?timestamp=1557761110&nonce=30ff4e7de167786071ed5e2a5ec0a911&sign=1441a7909c087dbbe7ce59881b9df8b9 200 1536 - 38.203 ms
GET /api/database/ColumnList?table=apply&timestamp=1557761110&nonce=c4f39bef0e574ce5ae5b76ac4f85d1f1&sign=1441a7909c087dbbe7ce59881b9df8b9 200 1248 - 35.955 ms
GET /api/database/TableList?timestamp=1557761134&nonce=3f13b66e9932ebd4d3b8d426eb04d665&sign=1441a7909c087dbbe7ce59881b9df8b9 200 1536 - 28.120 ms
GET /api/database/ColumnList?table=apply&timestamp=1557761134&nonce=197e95e4d91143209bd9a1668fc20bfd&sign=1441a7909c087dbbe7ce59881b9df8b9 200 1248 - 33.043 ms
GET /api/database/List?table=apply&timestamp=1557761134&nonce=211a10bd4873bd03382b58ad096a4a77&sign=1441a7909c087dbbe7ce59881b9df8b9 200 1120 - 50.130 ms
GET /api/database/TableList?timestamp=1557761192&nonce=efa99da9d9cabe5306339b7240737698&sign=1441a7909c087dbbe7ce59881b9df8b9 200 1536 - 35.850 ms
GET /api/database/ColumnList?table=apply&timestamp=1557761192&nonce=2e50f7ec4a10c751ff1a7bfddd454016&sign=1441a7909c087dbbe7ce59881b9df8b9 200 1248 - 37.370 ms
GET /api/database/List?table=apply&timestamp=1557761192&nonce=5dc816f9ce67b67e45f7ae952511aada&sign=1441a7909c087dbbe7ce59881b9df8b9 200 1120 - 42.078 ms
GET /api/database/List?table=apply&timestamp=1557761212&nonce=5339010fbc23ad98fca16de0c230f50f&sign=1441a7909c087dbbe7ce59881b9df8b9 200 1120 - 10.648 ms
GET /api/database/TableList?timestamp=1557761212&nonce=bd7de7ac565916f05deeef5193b16249&sign=1441a7909c087dbbe7ce59881b9df8b9 200 1536 - 13.630 ms
GET /api/database/ColumnList?table=apply&timestamp=1557761212&nonce=1b8598f934724f44104095132a5fe535&sign=1441a7909c087dbbe7ce59881b9df8b9 200 1248 - 14.936 ms
GET /api/database/TableList?timestamp=1557761213&nonce=efc2af23240e8cd7aade45c25482bdd9&sign=1441a7909c087dbbe7ce59881b9df8b9 200 1536 - 14.307 ms
GET /api/database/ColumnList?table=apply&timestamp=1557761213&nonce=c500917789899dae8a2a3108ab178683&sign=1441a7909c087dbbe7ce59881b9df8b9 200 1248 - 28.730 ms
GET /api/database/List?table=apply&timestamp=1557761213&nonce=8e323a9c47f940273c3bffe7bfe8ce64&sign=1441a7909c087dbbe7ce59881b9df8b9 200 1120 - 30.775 ms
GET /api/database/TableList?timestamp=1557761269&nonce=e6bf4d9c9852c6b7f5da7979d1662933&sign=1441a7909c087dbbe7ce59881b9df8b9 200 1536 - 28.278 ms
GET /api/database/ColumnList?table=apply&timestamp=1557761269&nonce=494a4324f450d54c512a1c6a217f56d6&sign=1441a7909c087dbbe7ce59881b9df8b9 200 1248 - 35.145 ms
GET /api/database/List?table=apply&timestamp=1557761269&nonce=a230e958e2fff1bfabe657c1905b7f3a&sign=1441a7909c087dbbe7ce59881b9df8b9 200 1120 - 40.163 ms
GET /api/database/List?table=apply&timestamp=1557761305&nonce=fe2cc3ec35cb7237004b2f5741ac0525&sign=1441a7909c087dbbe7ce59881b9df8b9 200 1120 - 28.019 ms
GET /api/database/TableList?timestamp=1557761305&nonce=e46a4859a07ebaafd3c2dfc573bc911f&sign=1441a7909c087dbbe7ce59881b9df8b9 200 1536 - 34.689 ms
GET /api/database/ColumnList?table=apply&timestamp=1557761305&nonce=6e26787f6080d164205ecf8fd39e0b20&sign=1441a7909c087dbbe7ce59881b9df8b9 200 1248 - 37.466 ms
GET /api/database/List?table=apply&timestamp=1557761361&nonce=6d68277b00dfe2a44a57856ac6225d95&sign=1441a7909c087dbbe7ce59881b9df8b9 200 1120 - 37.748 ms
GET /api/database/TableList?timestamp=1557761361&nonce=1e8bab8ce948ab85d723d86f19b7a510&sign=1441a7909c087dbbe7ce59881b9df8b9 200 1536 - 57.793 ms
GET /api/database/ColumnList?table=apply&timestamp=1557761361&nonce=1104b83c30c222ea4ed7df1b6d16afe5&sign=1441a7909c087dbbe7ce59881b9df8b9 200 1248 - 59.230 ms
GET /api/database/TableList?timestamp=1557761370&nonce=c75e901d58087d227c5d61988c351a4e&sign=1441a7909c087dbbe7ce59881b9df8b9 200 1536 - 14.605 ms
GET /api/database/List?table=apply&timestamp=1557761370&nonce=ec73e63ab745c30602573bf62e03ffbd&sign=1441a7909c087dbbe7ce59881b9df8b9 200 1120 - 13.434 ms
GET /api/database/ColumnList?table=apply&timestamp=1557761370&nonce=3b5322a3c792ff311139aca440ad119a&sign=1441a7909c087dbbe7ce59881b9df8b9 200 1248 - 17.734 ms
GET /api/database/TableList?timestamp=1557761392&nonce=3331494237eba5b8305a6e7815985286&sign=1441a7909c087dbbe7ce59881b9df8b9 200 1536 - 11.134 ms
GET /api/database/List?table=apply&timestamp=1557761392&nonce=3585a69faa92b2ee9ad9ac40b79c45cf&sign=1441a7909c087dbbe7ce59881b9df8b9 200 1120 - 10.348 ms
GET /api/database/ColumnList?table=apply&timestamp=1557761392&nonce=2e1a50dd42039a262a916c0ea19b818e&sign=1441a7909c087dbbe7ce59881b9df8b9 200 1248 - 27.217 ms
GET /api/database/List?table=apply&timestamp=1557761470&nonce=e2e0d2195e0572a9a6f925423003ea26&sign=1441a7909c087dbbe7ce59881b9df8b9 200 1120 - 20.805 ms
GET /api/database/TableList?timestamp=1557761470&nonce=a4a355fd454b4855f3dd1c083be91703&sign=1441a7909c087dbbe7ce59881b9df8b9 200 1536 - 36.205 ms
GET /api/database/ColumnList?table=apply&timestamp=1557761470&nonce=29b9d17e6d20be3b0547cacd3b1a4c78&sign=1441a7909c087dbbe7ce59881b9df8b9 200 1248 - 32.613 ms
GET /api/database/List?table=apply&timestamp=1557761482&nonce=35740872cf39eaab6bb9ed8d45900b7b&sign=1441a7909c087dbbe7ce59881b9df8b9 200 1120 - 22.671 ms
GET /api/database/TableList?timestamp=1557761482&nonce=e2af153e201384c66af406b9fc6b5cc4&sign=1441a7909c087dbbe7ce59881b9df8b9 200 1536 - 29.196 ms
GET /api/database/ColumnList?table=apply&timestamp=1557761482&nonce=c832b141c47c1dbbebab53b91fe2e9f3&sign=1441a7909c087dbbe7ce59881b9df8b9 200 1248 - 37.963 ms
GET /api/database/TableList?timestamp=1557761548&nonce=a4ba19214606f79255858f89c1c56947&sign=1441a7909c087dbbe7ce59881b9df8b9 200 1536 - 26.749 ms
GET /api/database/ColumnList?table=apply&timestamp=1557761548&nonce=a34bd42891be8054fb85d1645072ce17&sign=1441a7909c087dbbe7ce59881b9df8b9 200 1248 - 29.805 ms
GET /api/database/List?table=apply&timestamp=1557761548&nonce=c62fd44dc5a2c0f9c2b347e241889e19&sign=1441a7909c087dbbe7ce59881b9df8b9 200 1120 - 33.375 ms
GET /api/database/TableList?timestamp=1557761565&nonce=bb35d30afd1c7b3910517038048894c6&sign=1441a7909c087dbbe7ce59881b9df8b9 200 1536 - 22.476 ms
GET /api/database/ColumnList?table=apply&timestamp=1557761565&nonce=871e805eb675562da5600550bf9b6dc6&sign=1441a7909c087dbbe7ce59881b9df8b9 200 1248 - 22.300 ms
GET /api/database/List?table=apply&timestamp=1557761565&nonce=fa9fee6cd6644689b1c5f0ecb6c34146&sign=1441a7909c087dbbe7ce59881b9df8b9 200 1120 - 30.985 ms
GET /api/database/TableList?timestamp=1557761569&nonce=e0133b0e2bfdb0d6a1e827508d23622b&sign=1441a7909c087dbbe7ce59881b9df8b9 200 1536 - 10.177 ms
GET /api/database/List?table=apply&timestamp=1557761569&nonce=26dcbb52955369cee11b1d7b238a0a5d&sign=1441a7909c087dbbe7ce59881b9df8b9 200 1120 - 7.902 ms
GET /api/database/ColumnList?table=apply&timestamp=1557761569&nonce=93c52d244d59f85660a1c4421bec27d3&sign=1441a7909c087dbbe7ce59881b9df8b9 200 1248 - 26.499 ms
GET /api/database/TableList?timestamp=1557761590&nonce=3bb342fac9ccc6e80d009beb8f3fb134&sign=1441a7909c087dbbe7ce59881b9df8b9 200 1536 - 12.447 ms
GET /api/database/ColumnList?table=apply&timestamp=1557761590&nonce=63fe16b08bb055f21fc4bab6bf496e67&sign=1441a7909c087dbbe7ce59881b9df8b9 200 1248 - 16.130 ms
GET /api/database/List?table=apply&timestamp=1557761590&nonce=e7d23be2ae8ead72c1ff0df1b8495379&sign=1441a7909c087dbbe7ce59881b9df8b9 200 1120 - 12.245 ms
GET /api/database/List?table=apply&timestamp=1557761617&nonce=666bee8c5e63fad7ed7a4b6088a9f9cf&sign=1441a7909c087dbbe7ce59881b9df8b9 200 1120 - 19.879 ms
GET /api/database/TableList?timestamp=1557761617&nonce=57fa1fddb3007c717b8b524842a02ebf&sign=1441a7909c087dbbe7ce59881b9df8b9 200 1536 - 30.762 ms
GET /api/database/ColumnList?table=apply&timestamp=1557761617&nonce=099bf2f432697caf90b7f9f716ea5bdb&sign=1441a7909c087dbbe7ce59881b9df8b9 200 1248 - 44.303 ms
GET /api/database/TableList?timestamp=1557761622&nonce=24682ae6577aa6acb84588ed62e05c3f&sign=1441a7909c087dbbe7ce59881b9df8b9 200 1536 - 11.427 ms
GET /api/database/ColumnList?table=apply&timestamp=1557761622&nonce=932f922db96cf9efd0f7e76dc1f0cceb&sign=1441a7909c087dbbe7ce59881b9df8b9 200 1248 - 24.185 ms
GET /api/database/List?table=apply&timestamp=1557761622&nonce=f71ad31167cfbaf2c30ba28b8372a36e&sign=1441a7909c087dbbe7ce59881b9df8b9 200 1120 - 26.877 ms
GET /api/database/TableList?timestamp=1557761740&nonce=a2a92a341a008f3b3e3297b39bea4f87&sign=1441a7909c087dbbe7ce59881b9df8b9 200 1536 - 22.527 ms
GET /api/database/List?table=apply&timestamp=1557761740&nonce=1fc3d973af51ae2d14c3502732df5e74&sign=1441a7909c087dbbe7ce59881b9df8b9 200 1120 - 24.759 ms
GET /api/database/ColumnList?table=apply&timestamp=1557761740&nonce=751fd5b20dec5d52842893045c68851b&sign=1441a7909c087dbbe7ce59881b9df8b9 200 1248 - 50.166 ms
